
2019-01-21 15:00:00
[ERROR]-[Thread: http-bio-8080-exec-7]-[com.jfinal.core.ActionHandler.handle()]: /ios/tap/?x=0&y=0
com.jfinal.render.RenderException: java.lang.RuntimeException: File not found : /Users/pohpengwang/experiments/iOS_remote/target/jfinal_demo_for_maven/ios/WDA is no running!
	at com.jfinal.render.TemplateRender.render(TemplateRender.java:63)
	at com.jfinal.core.ActionHandler.handle(ActionHandler.java:99)
	at com.demo.ios.WebSocketHandler.handle(WebSocketHandler.java:25)
	at com.demo.ios.WebSocketHandler.handle(WebSocketHandler.java:25)
	at com.jfinal.core.JFinalFilter.doFilter(JFinalFilter.java:73)
	at org.apache.catalina.core.ApplicationFilterChain.internalDoFilter(ApplicationFilterChain.java:243)
	at org.apache.catalina.core.ApplicationFilterChain.doFilter(ApplicationFilterChain.java:210)
	at org.apache.catalina.core.StandardWrapperValve.invoke(StandardWrapperValve.java:222)
	at org.apache.catalina.core.StandardContextValve.invoke(StandardContextValve.java:123)
	at org.apache.catalina.authenticator.AuthenticatorBase.invoke(AuthenticatorBase.java:502)
	at org.apache.catalina.core.StandardHostValve.invoke(StandardHostValve.java:171)
	at org.apache.catalina.valves.ErrorReportValve.invoke(ErrorReportValve.java:100)
	at org.apache.catalina.valves.AccessLogValve.invoke(AccessLogValve.java:953)
	at org.apache.catalina.core.StandardEngineValve.invoke(StandardEngineValve.java:118)
	at org.apache.catalina.connector.CoyoteAdapter.service(CoyoteAdapter.java:408)
	at org.apache.coyote.http11.AbstractHttp11Processor.process(AbstractHttp11Processor.java:1041)
	at org.apache.coyote.AbstractProtocol$AbstractConnectionHandler.process(AbstractProtocol.java:603)
	at org.apache.tomcat.util.net.JIoEndpoint$SocketProcessor.run(JIoEndpoint.java:312)
	at java.util.concurrent.ThreadPoolExecutor.runWorker(ThreadPoolExecutor.java:1149)
	at java.util.concurrent.ThreadPoolExecutor$Worker.run(ThreadPoolExecutor.java:624)
	at java.lang.Thread.run(Thread.java:748)
Caused by: java.lang.RuntimeException: File not found : /Users/pohpengwang/experiments/iOS_remote/target/jfinal_demo_for_maven/ios/WDA is no running!
	at com.jfinal.template.source.FileSource.getContent(FileSource.java:70)
	at com.jfinal.template.Engine.buildTemplateBySourceFactory(Engine.java:153)
	at com.jfinal.template.Engine.getTemplate(Engine.java:138)
	at com.jfinal.render.TemplateRender.render(TemplateRender.java:60)
	... 20 more

2019-01-21 15:00:01
[ERROR]-[Thread: http-bio-8080-exec-7]-[com.jfinal.core.ActionHandler.handle()]: /ios/tap/?x=0&y=0
com.jfinal.render.RenderException: java.lang.RuntimeException: File not found : /Users/pohpengwang/experiments/iOS_remote/target/jfinal_demo_for_maven/ios/WDA is no running!
	at com.jfinal.render.TemplateRender.render(TemplateRender.java:63)
	at com.jfinal.core.ActionHandler.handle(ActionHandler.java:99)
	at com.demo.ios.WebSocketHandler.handle(WebSocketHandler.java:25)
	at com.demo.ios.WebSocketHandler.handle(WebSocketHandler.java:25)
	at com.jfinal.core.JFinalFilter.doFilter(JFinalFilter.java:73)
	at org.apache.catalina.core.ApplicationFilterChain.internalDoFilter(ApplicationFilterChain.java:243)
	at org.apache.catalina.core.ApplicationFilterChain.doFilter(ApplicationFilterChain.java:210)
	at org.apache.catalina.core.StandardWrapperValve.invoke(StandardWrapperValve.java:222)
	at org.apache.catalina.core.StandardContextValve.invoke(StandardContextValve.java:123)
	at org.apache.catalina.authenticator.AuthenticatorBase.invoke(AuthenticatorBase.java:502)
	at org.apache.catalina.core.StandardHostValve.invoke(StandardHostValve.java:171)
	at org.apache.catalina.valves.ErrorReportValve.invoke(ErrorReportValve.java:100)
	at org.apache.catalina.valves.AccessLogValve.invoke(AccessLogValve.java:953)
	at org.apache.catalina.core.StandardEngineValve.invoke(StandardEngineValve.java:118)
	at org.apache.catalina.connector.CoyoteAdapter.service(CoyoteAdapter.java:408)
	at org.apache.coyote.http11.AbstractHttp11Processor.process(AbstractHttp11Processor.java:1041)
	at org.apache.coyote.AbstractProtocol$AbstractConnectionHandler.process(AbstractProtocol.java:603)
	at org.apache.tomcat.util.net.JIoEndpoint$SocketProcessor.run(JIoEndpoint.java:312)
	at java.util.concurrent.ThreadPoolExecutor.runWorker(ThreadPoolExecutor.java:1149)
	at java.util.concurrent.ThreadPoolExecutor$Worker.run(ThreadPoolExecutor.java:624)
	at java.lang.Thread.run(Thread.java:748)
Caused by: java.lang.RuntimeException: File not found : /Users/pohpengwang/experiments/iOS_remote/target/jfinal_demo_for_maven/ios/WDA is no running!
	at com.jfinal.template.source.FileSource.getContent(FileSource.java:70)
	at com.jfinal.template.Engine.buildTemplateBySourceFactory(Engine.java:153)
	at com.jfinal.template.Engine.getTemplate(Engine.java:138)
	at com.jfinal.render.TemplateRender.render(TemplateRender.java:60)
	... 20 more

2019-01-21 15:00:02
[ERROR]-[Thread: http-bio-8080-exec-7]-[com.jfinal.core.ActionHandler.handle()]: /ios/tap/?x=0&y=0
com.jfinal.render.RenderException: java.lang.RuntimeException: File not found : /Users/pohpengwang/experiments/iOS_remote/target/jfinal_demo_for_maven/ios/WDA is no running!
	at com.jfinal.render.TemplateRender.render(TemplateRender.java:63)
	at com.jfinal.core.ActionHandler.handle(ActionHandler.java:99)
	at com.demo.ios.WebSocketHandler.handle(WebSocketHandler.java:25)
	at com.demo.ios.WebSocketHandler.handle(WebSocketHandler.java:25)
	at com.jfinal.core.JFinalFilter.doFilter(JFinalFilter.java:73)
	at org.apache.catalina.core.ApplicationFilterChain.internalDoFilter(ApplicationFilterChain.java:243)
	at org.apache.catalina.core.ApplicationFilterChain.doFilter(ApplicationFilterChain.java:210)
	at org.apache.catalina.core.StandardWrapperValve.invoke(StandardWrapperValve.java:222)
	at org.apache.catalina.core.StandardContextValve.invoke(StandardContextValve.java:123)
	at org.apache.catalina.authenticator.AuthenticatorBase.invoke(AuthenticatorBase.java:502)
	at org.apache.catalina.core.StandardHostValve.invoke(StandardHostValve.java:171)
	at org.apache.catalina.valves.ErrorReportValve.invoke(ErrorReportValve.java:100)
	at org.apache.catalina.valves.AccessLogValve.invoke(AccessLogValve.java:953)
	at org.apache.catalina.core.StandardEngineValve.invoke(StandardEngineValve.java:118)
	at org.apache.catalina.connector.CoyoteAdapter.service(CoyoteAdapter.java:408)
	at org.apache.coyote.http11.AbstractHttp11Processor.process(AbstractHttp11Processor.java:1041)
	at org.apache.coyote.AbstractProtocol$AbstractConnectionHandler.process(AbstractProtocol.java:603)
	at org.apache.tomcat.util.net.JIoEndpoint$SocketProcessor.run(JIoEndpoint.java:312)
	at java.util.concurrent.ThreadPoolExecutor.runWorker(ThreadPoolExecutor.java:1149)
	at java.util.concurrent.ThreadPoolExecutor$Worker.run(ThreadPoolExecutor.java:624)
	at java.lang.Thread.run(Thread.java:748)
Caused by: java.lang.RuntimeException: File not found : /Users/pohpengwang/experiments/iOS_remote/target/jfinal_demo_for_maven/ios/WDA is no running!
	at com.jfinal.template.source.FileSource.getContent(FileSource.java:70)
	at com.jfinal.template.Engine.buildTemplateBySourceFactory(Engine.java:153)
	at com.jfinal.template.Engine.getTemplate(Engine.java:138)
	at com.jfinal.render.TemplateRender.render(TemplateRender.java:60)
	... 20 more

2019-01-21 15:00:03
[ERROR]-[Thread: http-bio-8080-exec-7]-[com.jfinal.core.ActionHandler.handle()]: /ios/tap/?x=0&y=0
com.jfinal.render.RenderException: java.lang.RuntimeException: File not found : /Users/pohpengwang/experiments/iOS_remote/target/jfinal_demo_for_maven/ios/WDA is no running!
	at com.jfinal.render.TemplateRender.render(TemplateRender.java:63)
	at com.jfinal.core.ActionHandler.handle(ActionHandler.java:99)
	at com.demo.ios.WebSocketHandler.handle(WebSocketHandler.java:25)
	at com.demo.ios.WebSocketHandler.handle(WebSocketHandler.java:25)
	at com.jfinal.core.JFinalFilter.doFilter(JFinalFilter.java:73)
	at org.apache.catalina.core.ApplicationFilterChain.internalDoFilter(ApplicationFilterChain.java:243)
	at org.apache.catalina.core.ApplicationFilterChain.doFilter(ApplicationFilterChain.java:210)
	at org.apache.catalina.core.StandardWrapperValve.invoke(StandardWrapperValve.java:222)
	at org.apache.catalina.core.StandardContextValve.invoke(StandardContextValve.java:123)
	at org.apache.catalina.authenticator.AuthenticatorBase.invoke(AuthenticatorBase.java:502)
	at org.apache.catalina.core.StandardHostValve.invoke(StandardHostValve.java:171)
	at org.apache.catalina.valves.ErrorReportValve.invoke(ErrorReportValve.java:100)
	at org.apache.catalina.valves.AccessLogValve.invoke(AccessLogValve.java:953)
	at org.apache.catalina.core.StandardEngineValve.invoke(StandardEngineValve.java:118)
	at org.apache.catalina.connector.CoyoteAdapter.service(CoyoteAdapter.java:408)
	at org.apache.coyote.http11.AbstractHttp11Processor.process(AbstractHttp11Processor.java:1041)
	at org.apache.coyote.AbstractProtocol$AbstractConnectionHandler.process(AbstractProtocol.java:603)
	at org.apache.tomcat.util.net.JIoEndpoint$SocketProcessor.run(JIoEndpoint.java:312)
	at java.util.concurrent.ThreadPoolExecutor.runWorker(ThreadPoolExecutor.java:1149)
	at java.util.concurrent.ThreadPoolExecutor$Worker.run(ThreadPoolExecutor.java:624)
	at java.lang.Thread.run(Thread.java:748)
Caused by: java.lang.RuntimeException: File not found : /Users/pohpengwang/experiments/iOS_remote/target/jfinal_demo_for_maven/ios/WDA is no running!
	at com.jfinal.template.source.FileSource.getContent(FileSource.java:70)
	at com.jfinal.template.Engine.buildTemplateBySourceFactory(Engine.java:153)
	at com.jfinal.template.Engine.getTemplate(Engine.java:138)
	at com.jfinal.render.TemplateRender.render(TemplateRender.java:60)
	... 20 more

2019-01-21 15:00:04
[ERROR]-[Thread: http-bio-8080-exec-7]-[com.jfinal.core.ActionHandler.handle()]: /ios/tap/?x=0&y=0
com.jfinal.render.RenderException: java.lang.RuntimeException: File not found : /Users/pohpengwang/experiments/iOS_remote/target/jfinal_demo_for_maven/ios/WDA is no running!
	at com.jfinal.render.TemplateRender.render(TemplateRender.java:63)
	at com.jfinal.core.ActionHandler.handle(ActionHandler.java:99)
	at com.demo.ios.WebSocketHandler.handle(WebSocketHandler.java:25)
	at com.demo.ios.WebSocketHandler.handle(WebSocketHandler.java:25)
	at com.jfinal.core.JFinalFilter.doFilter(JFinalFilter.java:73)
	at org.apache.catalina.core.ApplicationFilterChain.internalDoFilter(ApplicationFilterChain.java:243)
	at org.apache.catalina.core.ApplicationFilterChain.doFilter(ApplicationFilterChain.java:210)
	at org.apache.catalina.core.StandardWrapperValve.invoke(StandardWrapperValve.java:222)
	at org.apache.catalina.core.StandardContextValve.invoke(StandardContextValve.java:123)
	at org.apache.catalina.authenticator.AuthenticatorBase.invoke(AuthenticatorBase.java:502)
	at org.apache.catalina.core.StandardHostValve.invoke(StandardHostValve.java:171)
	at org.apache.catalina.valves.ErrorReportValve.invoke(ErrorReportValve.java:100)
	at org.apache.catalina.valves.AccessLogValve.invoke(AccessLogValve.java:953)
	at org.apache.catalina.core.StandardEngineValve.invoke(StandardEngineValve.java:118)
	at org.apache.catalina.connector.CoyoteAdapter.service(CoyoteAdapter.java:408)
	at org.apache.coyote.http11.AbstractHttp11Processor.process(AbstractHttp11Processor.java:1041)
	at org.apache.coyote.AbstractProtocol$AbstractConnectionHandler.process(AbstractProtocol.java:603)
	at org.apache.tomcat.util.net.JIoEndpoint$SocketProcessor.run(JIoEndpoint.java:312)
	at java.util.concurrent.ThreadPoolExecutor.runWorker(ThreadPoolExecutor.java:1149)
	at java.util.concurrent.ThreadPoolExecutor$Worker.run(ThreadPoolExecutor.java:624)
	at java.lang.Thread.run(Thread.java:748)
Caused by: java.lang.RuntimeException: File not found : /Users/pohpengwang/experiments/iOS_remote/target/jfinal_demo_for_maven/ios/WDA is no running!
	at com.jfinal.template.source.FileSource.getContent(FileSource.java:70)
	at com.jfinal.template.Engine.buildTemplateBySourceFactory(Engine.java:153)
	at com.jfinal.template.Engine.getTemplate(Engine.java:138)
	at com.jfinal.render.TemplateRender.render(TemplateRender.java:60)
	... 20 more

2019-01-21 15:00:05
[ERROR]-[Thread: http-bio-8080-exec-7]-[com.jfinal.core.ActionHandler.handle()]: /ios/tap/?x=0&y=0
com.jfinal.render.RenderException: java.lang.RuntimeException: File not found : /Users/pohpengwang/experiments/iOS_remote/target/jfinal_demo_for_maven/ios/WDA is no running!
	at com.jfinal.render.TemplateRender.render(TemplateRender.java:63)
	at com.jfinal.core.ActionHandler.handle(ActionHandler.java:99)
	at com.demo.ios.WebSocketHandler.handle(WebSocketHandler.java:25)
	at com.demo.ios.WebSocketHandler.handle(WebSocketHandler.java:25)
	at com.jfinal.core.JFinalFilter.doFilter(JFinalFilter.java:73)
	at org.apache.catalina.core.ApplicationFilterChain.internalDoFilter(ApplicationFilterChain.java:243)
	at org.apache.catalina.core.ApplicationFilterChain.doFilter(ApplicationFilterChain.java:210)
	at org.apache.catalina.core.StandardWrapperValve.invoke(StandardWrapperValve.java:222)
	at org.apache.catalina.core.StandardContextValve.invoke(StandardContextValve.java:123)
	at org.apache.catalina.authenticator.AuthenticatorBase.invoke(AuthenticatorBase.java:502)
	at org.apache.catalina.core.StandardHostValve.invoke(StandardHostValve.java:171)
	at org.apache.catalina.valves.ErrorReportValve.invoke(ErrorReportValve.java:100)
	at org.apache.catalina.valves.AccessLogValve.invoke(AccessLogValve.java:953)
	at org.apache.catalina.core.StandardEngineValve.invoke(StandardEngineValve.java:118)
	at org.apache.catalina.connector.CoyoteAdapter.service(CoyoteAdapter.java:408)
	at org.apache.coyote.http11.AbstractHttp11Processor.process(AbstractHttp11Processor.java:1041)
	at org.apache.coyote.AbstractProtocol$AbstractConnectionHandler.process(AbstractProtocol.java:603)
	at org.apache.tomcat.util.net.JIoEndpoint$SocketProcessor.run(JIoEndpoint.java:312)
	at java.util.concurrent.ThreadPoolExecutor.runWorker(ThreadPoolExecutor.java:1149)
	at java.util.concurrent.ThreadPoolExecutor$Worker.run(ThreadPoolExecutor.java:624)
	at java.lang.Thread.run(Thread.java:748)
Caused by: java.lang.RuntimeException: File not found : /Users/pohpengwang/experiments/iOS_remote/target/jfinal_demo_for_maven/ios/WDA is no running!
	at com.jfinal.template.source.FileSource.getContent(FileSource.java:70)
	at com.jfinal.template.Engine.buildTemplateBySourceFactory(Engine.java:153)
	at com.jfinal.template.Engine.getTemplate(Engine.java:138)
	at com.jfinal.render.TemplateRender.render(TemplateRender.java:60)
	... 20 more

2019-01-21 15:00:10
[ERROR]-[Thread: http-bio-8080-exec-7]-[com.jfinal.core.ActionHandler.handle()]: /ios/tapHold?x=0&y=0&duration=1.274
com.jfinal.render.RenderException: java.lang.RuntimeException: File not found : /Users/pohpengwang/experiments/iOS_remote/target/jfinal_demo_for_maven/ios/WDA is no running!
	at com.jfinal.render.TemplateRender.render(TemplateRender.java:63)
	at com.jfinal.core.ActionHandler.handle(ActionHandler.java:99)
	at com.demo.ios.WebSocketHandler.handle(WebSocketHandler.java:25)
	at com.demo.ios.WebSocketHandler.handle(WebSocketHandler.java:25)
	at com.jfinal.core.JFinalFilter.doFilter(JFinalFilter.java:73)
	at org.apache.catalina.core.ApplicationFilterChain.internalDoFilter(ApplicationFilterChain.java:243)
	at org.apache.catalina.core.ApplicationFilterChain.doFilter(ApplicationFilterChain.java:210)
	at org.apache.catalina.core.StandardWrapperValve.invoke(StandardWrapperValve.java:222)
	at org.apache.catalina.core.StandardContextValve.invoke(StandardContextValve.java:123)
	at org.apache.catalina.authenticator.AuthenticatorBase.invoke(AuthenticatorBase.java:502)
	at org.apache.catalina.core.StandardHostValve.invoke(StandardHostValve.java:171)
	at org.apache.catalina.valves.ErrorReportValve.invoke(ErrorReportValve.java:100)
	at org.apache.catalina.valves.AccessLogValve.invoke(AccessLogValve.java:953)
	at org.apache.catalina.core.StandardEngineValve.invoke(StandardEngineValve.java:118)
	at org.apache.catalina.connector.CoyoteAdapter.service(CoyoteAdapter.java:408)
	at org.apache.coyote.http11.AbstractHttp11Processor.process(AbstractHttp11Processor.java:1041)
	at org.apache.coyote.AbstractProtocol$AbstractConnectionHandler.process(AbstractProtocol.java:603)
	at org.apache.tomcat.util.net.JIoEndpoint$SocketProcessor.run(JIoEndpoint.java:312)
	at java.util.concurrent.ThreadPoolExecutor.runWorker(ThreadPoolExecutor.java:1149)
	at java.util.concurrent.ThreadPoolExecutor$Worker.run(ThreadPoolExecutor.java:624)
	at java.lang.Thread.run(Thread.java:748)
Caused by: java.lang.RuntimeException: File not found : /Users/pohpengwang/experiments/iOS_remote/target/jfinal_demo_for_maven/ios/WDA is no running!
	at com.jfinal.template.source.FileSource.getContent(FileSource.java:70)
	at com.jfinal.template.Engine.buildTemplateBySourceFactory(Engine.java:153)
	at com.jfinal.template.Engine.getTemplate(Engine.java:138)
	at com.jfinal.render.TemplateRender.render(TemplateRender.java:60)
	... 20 more

2019-01-21 15:00:14
[ERROR]-[Thread: http-bio-8080-exec-7]-[com.jfinal.core.ActionHandler.handle()]: /ios/tap/?x=0&y=0
com.jfinal.render.RenderException: java.lang.RuntimeException: File not found : /Users/pohpengwang/experiments/iOS_remote/target/jfinal_demo_for_maven/ios/WDA is no running!
	at com.jfinal.render.TemplateRender.render(TemplateRender.java:63)
	at com.jfinal.core.ActionHandler.handle(ActionHandler.java:99)
	at com.demo.ios.WebSocketHandler.handle(WebSocketHandler.java:25)
	at com.demo.ios.WebSocketHandler.handle(WebSocketHandler.java:25)
	at com.jfinal.core.JFinalFilter.doFilter(JFinalFilter.java:73)
	at org.apache.catalina.core.ApplicationFilterChain.internalDoFilter(ApplicationFilterChain.java:243)
	at org.apache.catalina.core.ApplicationFilterChain.doFilter(ApplicationFilterChain.java:210)
	at org.apache.catalina.core.StandardWrapperValve.invoke(StandardWrapperValve.java:222)
	at org.apache.catalina.core.StandardContextValve.invoke(StandardContextValve.java:123)
	at org.apache.catalina.authenticator.AuthenticatorBase.invoke(AuthenticatorBase.java:502)
	at org.apache.catalina.core.StandardHostValve.invoke(StandardHostValve.java:171)
	at org.apache.catalina.valves.ErrorReportValve.invoke(ErrorReportValve.java:100)
	at org.apache.catalina.valves.AccessLogValve.invoke(AccessLogValve.java:953)
	at org.apache.catalina.core.StandardEngineValve.invoke(StandardEngineValve.java:118)
	at org.apache.catalina.connector.CoyoteAdapter.service(CoyoteAdapter.java:408)
	at org.apache.coyote.http11.AbstractHttp11Processor.process(AbstractHttp11Processor.java:1041)
	at org.apache.coyote.AbstractProtocol$AbstractConnectionHandler.process(AbstractProtocol.java:603)
	at org.apache.tomcat.util.net.JIoEndpoint$SocketProcessor.run(JIoEndpoint.java:312)
	at java.util.concurrent.ThreadPoolExecutor.runWorker(ThreadPoolExecutor.java:1149)
	at java.util.concurrent.ThreadPoolExecutor$Worker.run(ThreadPoolExecutor.java:624)
	at java.lang.Thread.run(Thread.java:748)
Caused by: java.lang.RuntimeException: File not found : /Users/pohpengwang/experiments/iOS_remote/target/jfinal_demo_for_maven/ios/WDA is no running!
	at com.jfinal.template.source.FileSource.getContent(FileSource.java:70)
	at com.jfinal.template.Engine.buildTemplateBySourceFactory(Engine.java:153)
	at com.jfinal.template.Engine.getTemplate(Engine.java:138)
	at com.jfinal.render.TemplateRender.render(TemplateRender.java:60)
	... 20 more

2019-01-21 15:00:39
[ERROR]-[Thread: http-bio-8080-exec-7]-[com.jfinal.core.ActionHandler.handle()]: /ios/tap/?x=0&y=0
com.jfinal.render.RenderException: java.lang.RuntimeException: File not found : /Users/pohpengwang/experiments/iOS_remote/target/jfinal_demo_for_maven/ios/WDA is no running!
	at com.jfinal.render.TemplateRender.render(TemplateRender.java:63)
	at com.jfinal.core.ActionHandler.handle(ActionHandler.java:99)
	at com.demo.ios.WebSocketHandler.handle(WebSocketHandler.java:25)
	at com.demo.ios.WebSocketHandler.handle(WebSocketHandler.java:25)
	at com.jfinal.core.JFinalFilter.doFilter(JFinalFilter.java:73)
	at org.apache.catalina.core.ApplicationFilterChain.internalDoFilter(ApplicationFilterChain.java:243)
	at org.apache.catalina.core.ApplicationFilterChain.doFilter(ApplicationFilterChain.java:210)
	at org.apache.catalina.core.StandardWrapperValve.invoke(StandardWrapperValve.java:222)
	at org.apache.catalina.core.StandardContextValve.invoke(StandardContextValve.java:123)
	at org.apache.catalina.authenticator.AuthenticatorBase.invoke(AuthenticatorBase.java:502)
	at org.apache.catalina.core.StandardHostValve.invoke(StandardHostValve.java:171)
	at org.apache.catalina.valves.ErrorReportValve.invoke(ErrorReportValve.java:100)
	at org.apache.catalina.valves.AccessLogValve.invoke(AccessLogValve.java:953)
	at org.apache.catalina.core.StandardEngineValve.invoke(StandardEngineValve.java:118)
	at org.apache.catalina.connector.CoyoteAdapter.service(CoyoteAdapter.java:408)
	at org.apache.coyote.http11.AbstractHttp11Processor.process(AbstractHttp11Processor.java:1041)
	at org.apache.coyote.AbstractProtocol$AbstractConnectionHandler.process(AbstractProtocol.java:603)
	at org.apache.tomcat.util.net.JIoEndpoint$SocketProcessor.run(JIoEndpoint.java:312)
	at java.util.concurrent.ThreadPoolExecutor.runWorker(ThreadPoolExecutor.java:1149)
	at java.util.concurrent.ThreadPoolExecutor$Worker.run(ThreadPoolExecutor.java:624)
	at java.lang.Thread.run(Thread.java:748)
Caused by: java.lang.RuntimeException: File not found : /Users/pohpengwang/experiments/iOS_remote/target/jfinal_demo_for_maven/ios/WDA is no running!
	at com.jfinal.template.source.FileSource.getContent(FileSource.java:70)
	at com.jfinal.template.Engine.buildTemplateBySourceFactory(Engine.java:153)
	at com.jfinal.template.Engine.getTemplate(Engine.java:138)
	at com.jfinal.render.TemplateRender.render(TemplateRender.java:60)
	... 20 more

2019-01-21 15:01:47
[ERROR]-[Thread: http-bio-8080-exec-6]-[com.jfinal.core.ActionHandler.handle()]: /ios/tap/?x=0&y=0
com.jfinal.render.RenderException: java.lang.RuntimeException: File not found : /Users/pohpengwang/experiments/iOS_remote/target/jfinal_demo_for_maven/ios/WDA is no running!
	at com.jfinal.render.TemplateRender.render(TemplateRender.java:63)
	at com.jfinal.core.ActionHandler.handle(ActionHandler.java:99)
	at com.demo.ios.WebSocketHandler.handle(WebSocketHandler.java:25)
	at com.demo.ios.WebSocketHandler.handle(WebSocketHandler.java:25)
	at com.jfinal.core.JFinalFilter.doFilter(JFinalFilter.java:73)
	at org.apache.catalina.core.ApplicationFilterChain.internalDoFilter(ApplicationFilterChain.java:243)
	at org.apache.catalina.core.ApplicationFilterChain.doFilter(ApplicationFilterChain.java:210)
	at org.apache.catalina.core.StandardWrapperValve.invoke(StandardWrapperValve.java:222)
	at org.apache.catalina.core.StandardContextValve.invoke(StandardContextValve.java:123)
	at org.apache.catalina.authenticator.AuthenticatorBase.invoke(AuthenticatorBase.java:502)
	at org.apache.catalina.core.StandardHostValve.invoke(StandardHostValve.java:171)
	at org.apache.catalina.valves.ErrorReportValve.invoke(ErrorReportValve.java:100)
	at org.apache.catalina.valves.AccessLogValve.invoke(AccessLogValve.java:953)
	at org.apache.catalina.core.StandardEngineValve.invoke(StandardEngineValve.java:118)
	at org.apache.catalina.connector.CoyoteAdapter.service(CoyoteAdapter.java:408)
	at org.apache.coyote.http11.AbstractHttp11Processor.process(AbstractHttp11Processor.java:1041)
	at org.apache.coyote.AbstractProtocol$AbstractConnectionHandler.process(AbstractProtocol.java:603)
	at org.apache.tomcat.util.net.JIoEndpoint$SocketProcessor.run(JIoEndpoint.java:310)
	at java.util.concurrent.ThreadPoolExecutor.runWorker(ThreadPoolExecutor.java:1149)
	at java.util.concurrent.ThreadPoolExecutor$Worker.run(ThreadPoolExecutor.java:624)
	at java.lang.Thread.run(Thread.java:748)
Caused by: java.lang.RuntimeException: File not found : /Users/pohpengwang/experiments/iOS_remote/target/jfinal_demo_for_maven/ios/WDA is no running!
	at com.jfinal.template.source.FileSource.getContent(FileSource.java:70)
	at com.jfinal.template.Engine.buildTemplateBySourceFactory(Engine.java:153)
	at com.jfinal.template.Engine.getTemplate(Engine.java:138)
	at com.jfinal.render.TemplateRender.render(TemplateRender.java:60)
	... 20 more

2019-01-21 15:01:48
[ERROR]-[Thread: http-bio-8080-exec-6]-[com.jfinal.core.ActionHandler.handle()]: /ios/tap/?x=0&y=0
com.jfinal.render.RenderException: java.lang.RuntimeException: File not found : /Users/pohpengwang/experiments/iOS_remote/target/jfinal_demo_for_maven/ios/WDA is no running!
	at com.jfinal.render.TemplateRender.render(TemplateRender.java:63)
	at com.jfinal.core.ActionHandler.handle(ActionHandler.java:99)
	at com.demo.ios.WebSocketHandler.handle(WebSocketHandler.java:25)
	at com.demo.ios.WebSocketHandler.handle(WebSocketHandler.java:25)
	at com.jfinal.core.JFinalFilter.doFilter(JFinalFilter.java:73)
	at org.apache.catalina.core.ApplicationFilterChain.internalDoFilter(ApplicationFilterChain.java:243)
	at org.apache.catalina.core.ApplicationFilterChain.doFilter(ApplicationFilterChain.java:210)
	at org.apache.catalina.core.StandardWrapperValve.invoke(StandardWrapperValve.java:222)
	at org.apache.catalina.core.StandardContextValve.invoke(StandardContextValve.java:123)
	at org.apache.catalina.authenticator.AuthenticatorBase.invoke(AuthenticatorBase.java:502)
	at org.apache.catalina.core.StandardHostValve.invoke(StandardHostValve.java:171)
	at org.apache.catalina.valves.ErrorReportValve.invoke(ErrorReportValve.java:100)
	at org.apache.catalina.valves.AccessLogValve.invoke(AccessLogValve.java:953)
	at org.apache.catalina.core.StandardEngineValve.invoke(StandardEngineValve.java:118)
	at org.apache.catalina.connector.CoyoteAdapter.service(CoyoteAdapter.java:408)
	at org.apache.coyote.http11.AbstractHttp11Processor.process(AbstractHttp11Processor.java:1041)
	at org.apache.coyote.AbstractProtocol$AbstractConnectionHandler.process(AbstractProtocol.java:603)
	at org.apache.tomcat.util.net.JIoEndpoint$SocketProcessor.run(JIoEndpoint.java:312)
	at java.util.concurrent.ThreadPoolExecutor.runWorker(ThreadPoolExecutor.java:1149)
	at java.util.concurrent.ThreadPoolExecutor$Worker.run(ThreadPoolExecutor.java:624)
	at java.lang.Thread.run(Thread.java:748)
Caused by: java.lang.RuntimeException: File not found : /Users/pohpengwang/experiments/iOS_remote/target/jfinal_demo_for_maven/ios/WDA is no running!
	at com.jfinal.template.source.FileSource.getContent(FileSource.java:70)
	at com.jfinal.template.Engine.buildTemplateBySourceFactory(Engine.java:153)
	at com.jfinal.template.Engine.getTemplate(Engine.java:138)
	at com.jfinal.render.TemplateRender.render(TemplateRender.java:60)
	... 20 more

2019-01-21 15:01:48
[ERROR]-[Thread: http-bio-8080-exec-2]-[com.jfinal.core.ActionHandler.handle()]: /ios/tap/?x=0&y=0
com.jfinal.render.RenderException: java.lang.RuntimeException: File not found : /Users/pohpengwang/experiments/iOS_remote/target/jfinal_demo_for_maven/ios/WDA is no running!
	at com.jfinal.render.TemplateRender.render(TemplateRender.java:63)
	at com.jfinal.core.ActionHandler.handle(ActionHandler.java:99)
	at com.demo.ios.WebSocketHandler.handle(WebSocketHandler.java:25)
	at com.demo.ios.WebSocketHandler.handle(WebSocketHandler.java:25)
	at com.jfinal.core.JFinalFilter.doFilter(JFinalFilter.java:73)
	at org.apache.catalina.core.ApplicationFilterChain.internalDoFilter(ApplicationFilterChain.java:243)
	at org.apache.catalina.core.ApplicationFilterChain.doFilter(ApplicationFilterChain.java:210)
	at org.apache.catalina.core.StandardWrapperValve.invoke(StandardWrapperValve.java:222)
	at org.apache.catalina.core.StandardContextValve.invoke(StandardContextValve.java:123)
	at org.apache.catalina.authenticator.AuthenticatorBase.invoke(AuthenticatorBase.java:502)
	at org.apache.catalina.core.StandardHostValve.invoke(StandardHostValve.java:171)
	at org.apache.catalina.valves.ErrorReportValve.invoke(ErrorReportValve.java:100)
	at org.apache.catalina.valves.AccessLogValve.invoke(AccessLogValve.java:953)
	at org.apache.catalina.core.StandardEngineValve.invoke(StandardEngineValve.java:118)
	at org.apache.catalina.connector.CoyoteAdapter.service(CoyoteAdapter.java:408)
	at org.apache.coyote.http11.AbstractHttp11Processor.process(AbstractHttp11Processor.java:1041)
	at org.apache.coyote.AbstractProtocol$AbstractConnectionHandler.process(AbstractProtocol.java:603)
	at org.apache.tomcat.util.net.JIoEndpoint$SocketProcessor.run(JIoEndpoint.java:312)
	at java.util.concurrent.ThreadPoolExecutor.runWorker(ThreadPoolExecutor.java:1149)
	at java.util.concurrent.ThreadPoolExecutor$Worker.run(ThreadPoolExecutor.java:624)
	at java.lang.Thread.run(Thread.java:748)
Caused by: java.lang.RuntimeException: File not found : /Users/pohpengwang/experiments/iOS_remote/target/jfinal_demo_for_maven/ios/WDA is no running!
	at com.jfinal.template.source.FileSource.getContent(FileSource.java:70)
	at com.jfinal.template.Engine.buildTemplateBySourceFactory(Engine.java:153)
	at com.jfinal.template.Engine.getTemplate(Engine.java:138)
	at com.jfinal.render.TemplateRender.render(TemplateRender.java:60)
	... 20 more

2019-01-21 15:01:50
[ERROR]-[Thread: http-bio-8080-exec-2]-[com.jfinal.core.ActionHandler.handle()]: /ios/tap/?x=0&y=0
com.jfinal.render.RenderException: java.lang.RuntimeException: File not found : /Users/pohpengwang/experiments/iOS_remote/target/jfinal_demo_for_maven/ios/WDA is no running!
	at com.jfinal.render.TemplateRender.render(TemplateRender.java:63)
	at com.jfinal.core.ActionHandler.handle(ActionHandler.java:99)
	at com.demo.ios.WebSocketHandler.handle(WebSocketHandler.java:25)
	at com.demo.ios.WebSocketHandler.handle(WebSocketHandler.java:25)
	at com.jfinal.core.JFinalFilter.doFilter(JFinalFilter.java:73)
	at org.apache.catalina.core.ApplicationFilterChain.internalDoFilter(ApplicationFilterChain.java:243)
	at org.apache.catalina.core.ApplicationFilterChain.doFilter(ApplicationFilterChain.java:210)
	at org.apache.catalina.core.StandardWrapperValve.invoke(StandardWrapperValve.java:222)
	at org.apache.catalina.core.StandardContextValve.invoke(StandardContextValve.java:123)
	at org.apache.catalina.authenticator.AuthenticatorBase.invoke(AuthenticatorBase.java:502)
	at org.apache.catalina.core.StandardHostValve.invoke(StandardHostValve.java:171)
	at org.apache.catalina.valves.ErrorReportValve.invoke(ErrorReportValve.java:100)
	at org.apache.catalina.valves.AccessLogValve.invoke(AccessLogValve.java:953)
	at org.apache.catalina.core.StandardEngineValve.invoke(StandardEngineValve.java:118)
	at org.apache.catalina.connector.CoyoteAdapter.service(CoyoteAdapter.java:408)
	at org.apache.coyote.http11.AbstractHttp11Processor.process(AbstractHttp11Processor.java:1041)
	at org.apache.coyote.AbstractProtocol$AbstractConnectionHandler.process(AbstractProtocol.java:603)
	at org.apache.tomcat.util.net.JIoEndpoint$SocketProcessor.run(JIoEndpoint.java:312)
	at java.util.concurrent.ThreadPoolExecutor.runWorker(ThreadPoolExecutor.java:1149)
	at java.util.concurrent.ThreadPoolExecutor$Worker.run(ThreadPoolExecutor.java:624)
	at java.lang.Thread.run(Thread.java:748)
Caused by: java.lang.RuntimeException: File not found : /Users/pohpengwang/experiments/iOS_remote/target/jfinal_demo_for_maven/ios/WDA is no running!
	at com.jfinal.template.source.FileSource.getContent(FileSource.java:70)
	at com.jfinal.template.Engine.buildTemplateBySourceFactory(Engine.java:153)
	at com.jfinal.template.Engine.getTemplate(Engine.java:138)
	at com.jfinal.render.TemplateRender.render(TemplateRender.java:60)
	... 20 more

2019-01-21 15:01:52
[ERROR]-[Thread: http-bio-8080-exec-2]-[com.jfinal.core.ActionHandler.handle()]: /ios/tap/?x=0&y=0
com.jfinal.render.RenderException: java.lang.RuntimeException: File not found : /Users/pohpengwang/experiments/iOS_remote/target/jfinal_demo_for_maven/ios/WDA is no running!
	at com.jfinal.render.TemplateRender.render(TemplateRender.java:63)
	at com.jfinal.core.ActionHandler.handle(ActionHandler.java:99)
	at com.demo.ios.WebSocketHandler.handle(WebSocketHandler.java:25)
	at com.demo.ios.WebSocketHandler.handle(WebSocketHandler.java:25)
	at com.jfinal.core.JFinalFilter.doFilter(JFinalFilter.java:73)
	at org.apache.catalina.core.ApplicationFilterChain.internalDoFilter(ApplicationFilterChain.java:243)
	at org.apache.catalina.core.ApplicationFilterChain.doFilter(ApplicationFilterChain.java:210)
	at org.apache.catalina.core.StandardWrapperValve.invoke(StandardWrapperValve.java:222)
	at org.apache.catalina.core.StandardContextValve.invoke(StandardContextValve.java:123)
	at org.apache.catalina.authenticator.AuthenticatorBase.invoke(AuthenticatorBase.java:502)
	at org.apache.catalina.core.StandardHostValve.invoke(StandardHostValve.java:171)
	at org.apache.catalina.valves.ErrorReportValve.invoke(ErrorReportValve.java:100)
	at org.apache.catalina.valves.AccessLogValve.invoke(AccessLogValve.java:953)
	at org.apache.catalina.core.StandardEngineValve.invoke(StandardEngineValve.java:118)
	at org.apache.catalina.connector.CoyoteAdapter.service(CoyoteAdapter.java:408)
	at org.apache.coyote.http11.AbstractHttp11Processor.process(AbstractHttp11Processor.java:1041)
	at org.apache.coyote.AbstractProtocol$AbstractConnectionHandler.process(AbstractProtocol.java:603)
	at org.apache.tomcat.util.net.JIoEndpoint$SocketProcessor.run(JIoEndpoint.java:312)
	at java.util.concurrent.ThreadPoolExecutor.runWorker(ThreadPoolExecutor.java:1149)
	at java.util.concurrent.ThreadPoolExecutor$Worker.run(ThreadPoolExecutor.java:624)
	at java.lang.Thread.run(Thread.java:748)
Caused by: java.lang.RuntimeException: File not found : /Users/pohpengwang/experiments/iOS_remote/target/jfinal_demo_for_maven/ios/WDA is no running!
	at com.jfinal.template.source.FileSource.getContent(FileSource.java:70)
	at com.jfinal.template.Engine.buildTemplateBySourceFactory(Engine.java:153)
	at com.jfinal.template.Engine.getTemplate(Engine.java:138)
	at com.jfinal.render.TemplateRender.render(TemplateRender.java:60)
	... 20 more

2019-01-21 15:01:52
[ERROR]-[Thread: http-bio-8080-exec-2]-[com.jfinal.core.ActionHandler.handle()]: /ios/tap/?x=0&y=0
com.jfinal.render.RenderException: java.lang.RuntimeException: File not found : /Users/pohpengwang/experiments/iOS_remote/target/jfinal_demo_for_maven/ios/WDA is no running!
	at com.jfinal.render.TemplateRender.render(TemplateRender.java:63)
	at com.jfinal.core.ActionHandler.handle(ActionHandler.java:99)
	at com.demo.ios.WebSocketHandler.handle(WebSocketHandler.java:25)
	at com.demo.ios.WebSocketHandler.handle(WebSocketHandler.java:25)
	at com.jfinal.core.JFinalFilter.doFilter(JFinalFilter.java:73)
	at org.apache.catalina.core.ApplicationFilterChain.internalDoFilter(ApplicationFilterChain.java:243)
	at org.apache.catalina.core.ApplicationFilterChain.doFilter(ApplicationFilterChain.java:210)
	at org.apache.catalina.core.StandardWrapperValve.invoke(StandardWrapperValve.java:222)
	at org.apache.catalina.core.StandardContextValve.invoke(StandardContextValve.java:123)
	at org.apache.catalina.authenticator.AuthenticatorBase.invoke(AuthenticatorBase.java:502)
	at org.apache.catalina.core.StandardHostValve.invoke(StandardHostValve.java:171)
	at org.apache.catalina.valves.ErrorReportValve.invoke(ErrorReportValve.java:100)
	at org.apache.catalina.valves.AccessLogValve.invoke(AccessLogValve.java:953)
	at org.apache.catalina.core.StandardEngineValve.invoke(StandardEngineValve.java:118)
	at org.apache.catalina.connector.CoyoteAdapter.service(CoyoteAdapter.java:408)
	at org.apache.coyote.http11.AbstractHttp11Processor.process(AbstractHttp11Processor.java:1041)
	at org.apache.coyote.AbstractProtocol$AbstractConnectionHandler.process(AbstractProtocol.java:603)
	at org.apache.tomcat.util.net.JIoEndpoint$SocketProcessor.run(JIoEndpoint.java:312)
	at java.util.concurrent.ThreadPoolExecutor.runWorker(ThreadPoolExecutor.java:1149)
	at java.util.concurrent.ThreadPoolExecutor$Worker.run(ThreadPoolExecutor.java:624)
	at java.lang.Thread.run(Thread.java:748)
Caused by: java.lang.RuntimeException: File not found : /Users/pohpengwang/experiments/iOS_remote/target/jfinal_demo_for_maven/ios/WDA is no running!
	at com.jfinal.template.source.FileSource.getContent(FileSource.java:70)
	at com.jfinal.template.Engine.buildTemplateBySourceFactory(Engine.java:153)
	at com.jfinal.template.Engine.getTemplate(Engine.java:138)
	at com.jfinal.render.TemplateRender.render(TemplateRender.java:60)
	... 20 more

2019-01-21 15:13:57
[ERROR]-[Thread: http-bio-8080-exec-3]-[com.jfinal.core.ActionHandler.handle()]: /ios/tap/?x=0&y=0
com.jfinal.render.RenderException: java.lang.RuntimeException: File not found : /Users/pohpengwang/experiments/iOS_remote/target/jfinal_demo_for_maven/ios/WDA is no running!
	at com.jfinal.render.TemplateRender.render(TemplateRender.java:63)
	at com.jfinal.core.ActionHandler.handle(ActionHandler.java:99)
	at com.demo.ios.WebSocketHandler.handle(WebSocketHandler.java:25)
	at com.demo.ios.WebSocketHandler.handle(WebSocketHandler.java:25)
	at com.jfinal.core.JFinalFilter.doFilter(JFinalFilter.java:73)
	at org.apache.catalina.core.ApplicationFilterChain.internalDoFilter(ApplicationFilterChain.java:243)
	at org.apache.catalina.core.ApplicationFilterChain.doFilter(ApplicationFilterChain.java:210)
	at org.apache.catalina.core.StandardWrapperValve.invoke(StandardWrapperValve.java:222)
	at org.apache.catalina.core.StandardContextValve.invoke(StandardContextValve.java:123)
	at org.apache.catalina.authenticator.AuthenticatorBase.invoke(AuthenticatorBase.java:502)
	at org.apache.catalina.core.StandardHostValve.invoke(StandardHostValve.java:171)
	at org.apache.catalina.valves.ErrorReportValve.invoke(ErrorReportValve.java:100)
	at org.apache.catalina.valves.AccessLogValve.invoke(AccessLogValve.java:953)
	at org.apache.catalina.core.StandardEngineValve.invoke(StandardEngineValve.java:118)
	at org.apache.catalina.connector.CoyoteAdapter.service(CoyoteAdapter.java:408)
	at org.apache.coyote.http11.AbstractHttp11Processor.process(AbstractHttp11Processor.java:1041)
	at org.apache.coyote.AbstractProtocol$AbstractConnectionHandler.process(AbstractProtocol.java:603)
	at org.apache.tomcat.util.net.JIoEndpoint$SocketProcessor.run(JIoEndpoint.java:310)
	at java.util.concurrent.ThreadPoolExecutor.runWorker(ThreadPoolExecutor.java:1149)
	at java.util.concurrent.ThreadPoolExecutor$Worker.run(ThreadPoolExecutor.java:624)
	at java.lang.Thread.run(Thread.java:748)
Caused by: java.lang.RuntimeException: File not found : /Users/pohpengwang/experiments/iOS_remote/target/jfinal_demo_for_maven/ios/WDA is no running!
	at com.jfinal.template.source.FileSource.getContent(FileSource.java:70)
	at com.jfinal.template.Engine.buildTemplateBySourceFactory(Engine.java:153)
	at com.jfinal.template.Engine.getTemplate(Engine.java:138)
	at com.jfinal.render.TemplateRender.render(TemplateRender.java:60)
	... 20 more

2019-01-21 15:13:57
[ERROR]-[Thread: http-bio-8080-exec-3]-[com.jfinal.core.ActionHandler.handle()]: /ios/tap/?x=0&y=0
com.jfinal.render.RenderException: java.lang.RuntimeException: File not found : /Users/pohpengwang/experiments/iOS_remote/target/jfinal_demo_for_maven/ios/WDA is no running!
	at com.jfinal.render.TemplateRender.render(TemplateRender.java:63)
	at com.jfinal.core.ActionHandler.handle(ActionHandler.java:99)
	at com.demo.ios.WebSocketHandler.handle(WebSocketHandler.java:25)
	at com.demo.ios.WebSocketHandler.handle(WebSocketHandler.java:25)
	at com.jfinal.core.JFinalFilter.doFilter(JFinalFilter.java:73)
	at org.apache.catalina.core.ApplicationFilterChain.internalDoFilter(ApplicationFilterChain.java:243)
	at org.apache.catalina.core.ApplicationFilterChain.doFilter(ApplicationFilterChain.java:210)
	at org.apache.catalina.core.StandardWrapperValve.invoke(StandardWrapperValve.java:222)
	at org.apache.catalina.core.StandardContextValve.invoke(StandardContextValve.java:123)
	at org.apache.catalina.authenticator.AuthenticatorBase.invoke(AuthenticatorBase.java:502)
	at org.apache.catalina.core.StandardHostValve.invoke(StandardHostValve.java:171)
	at org.apache.catalina.valves.ErrorReportValve.invoke(ErrorReportValve.java:100)
	at org.apache.catalina.valves.AccessLogValve.invoke(AccessLogValve.java:953)
	at org.apache.catalina.core.StandardEngineValve.invoke(StandardEngineValve.java:118)
	at org.apache.catalina.connector.CoyoteAdapter.service(CoyoteAdapter.java:408)
	at org.apache.coyote.http11.AbstractHttp11Processor.process(AbstractHttp11Processor.java:1041)
	at org.apache.coyote.AbstractProtocol$AbstractConnectionHandler.process(AbstractProtocol.java:603)
	at org.apache.tomcat.util.net.JIoEndpoint$SocketProcessor.run(JIoEndpoint.java:312)
	at java.util.concurrent.ThreadPoolExecutor.runWorker(ThreadPoolExecutor.java:1149)
	at java.util.concurrent.ThreadPoolExecutor$Worker.run(ThreadPoolExecutor.java:624)
	at java.lang.Thread.run(Thread.java:748)
Caused by: java.lang.RuntimeException: File not found : /Users/pohpengwang/experiments/iOS_remote/target/jfinal_demo_for_maven/ios/WDA is no running!
	at com.jfinal.template.source.FileSource.getContent(FileSource.java:70)
	at com.jfinal.template.Engine.buildTemplateBySourceFactory(Engine.java:153)
	at com.jfinal.template.Engine.getTemplate(Engine.java:138)
	at com.jfinal.render.TemplateRender.render(TemplateRender.java:60)
	... 20 more

2019-01-21 15:16:14
[ERROR]-[Thread: http-bio-8080-exec-7]-[com.jfinal.core.ActionHandler.handle()]: /ios/tapHold?x=0&y=0&duration=84.602
com.jfinal.render.RenderException: java.lang.RuntimeException: File not found : /Users/pohpengwang/experiments/iOS_remote/target/jfinal_demo_for_maven/ios/WDA is no running!
	at com.jfinal.render.TemplateRender.render(TemplateRender.java:63)
	at com.jfinal.core.ActionHandler.handle(ActionHandler.java:99)
	at com.demo.ios.WebSocketHandler.handle(WebSocketHandler.java:25)
	at com.demo.ios.WebSocketHandler.handle(WebSocketHandler.java:25)
	at com.jfinal.core.JFinalFilter.doFilter(JFinalFilter.java:73)
	at org.apache.catalina.core.ApplicationFilterChain.internalDoFilter(ApplicationFilterChain.java:243)
	at org.apache.catalina.core.ApplicationFilterChain.doFilter(ApplicationFilterChain.java:210)
	at org.apache.catalina.core.StandardWrapperValve.invoke(StandardWrapperValve.java:222)
	at org.apache.catalina.core.StandardContextValve.invoke(StandardContextValve.java:123)
	at org.apache.catalina.authenticator.AuthenticatorBase.invoke(AuthenticatorBase.java:502)
	at org.apache.catalina.core.StandardHostValve.invoke(StandardHostValve.java:171)
	at org.apache.catalina.valves.ErrorReportValve.invoke(ErrorReportValve.java:100)
	at org.apache.catalina.valves.AccessLogValve.invoke(AccessLogValve.java:953)
	at org.apache.catalina.core.StandardEngineValve.invoke(StandardEngineValve.java:118)
	at org.apache.catalina.connector.CoyoteAdapter.service(CoyoteAdapter.java:408)
	at org.apache.coyote.http11.AbstractHttp11Processor.process(AbstractHttp11Processor.java:1041)
	at org.apache.coyote.AbstractProtocol$AbstractConnectionHandler.process(AbstractProtocol.java:603)
	at org.apache.tomcat.util.net.JIoEndpoint$SocketProcessor.run(JIoEndpoint.java:310)
	at java.util.concurrent.ThreadPoolExecutor.runWorker(ThreadPoolExecutor.java:1149)
	at java.util.concurrent.ThreadPoolExecutor$Worker.run(ThreadPoolExecutor.java:624)
	at java.lang.Thread.run(Thread.java:748)
Caused by: java.lang.RuntimeException: File not found : /Users/pohpengwang/experiments/iOS_remote/target/jfinal_demo_for_maven/ios/WDA is no running!
	at com.jfinal.template.source.FileSource.getContent(FileSource.java:70)
	at com.jfinal.template.Engine.buildTemplateBySourceFactory(Engine.java:153)
	at com.jfinal.template.Engine.getTemplate(Engine.java:138)
	at com.jfinal.render.TemplateRender.render(TemplateRender.java:60)
	... 20 more

2019-01-21 15:20:01
[ERROR]-[Thread: http-bio-8080-exec-4]-[com.jfinal.core.ActionHandler.handle()]: /ios/tapHold?x=0&y=0&duration=3.857
com.jfinal.render.RenderException: java.lang.RuntimeException: File not found : /Users/pohpengwang/experiments/iOS_remote/target/jfinal_demo_for_maven/ios/WDA is no running!
	at com.jfinal.render.TemplateRender.render(TemplateRender.java:63)
	at com.jfinal.core.ActionHandler.handle(ActionHandler.java:99)
	at com.demo.ios.WebSocketHandler.handle(WebSocketHandler.java:25)
	at com.demo.ios.WebSocketHandler.handle(WebSocketHandler.java:25)
	at com.jfinal.core.JFinalFilter.doFilter(JFinalFilter.java:73)
	at org.apache.catalina.core.ApplicationFilterChain.internalDoFilter(ApplicationFilterChain.java:243)
	at org.apache.catalina.core.ApplicationFilterChain.doFilter(ApplicationFilterChain.java:210)
	at org.apache.catalina.core.StandardWrapperValve.invoke(StandardWrapperValve.java:222)
	at org.apache.catalina.core.StandardContextValve.invoke(StandardContextValve.java:123)
	at org.apache.catalina.authenticator.AuthenticatorBase.invoke(AuthenticatorBase.java:502)
	at org.apache.catalina.core.StandardHostValve.invoke(StandardHostValve.java:171)
	at org.apache.catalina.valves.ErrorReportValve.invoke(ErrorReportValve.java:100)
	at org.apache.catalina.valves.AccessLogValve.invoke(AccessLogValve.java:953)
	at org.apache.catalina.core.StandardEngineValve.invoke(StandardEngineValve.java:118)
	at org.apache.catalina.connector.CoyoteAdapter.service(CoyoteAdapter.java:408)
	at org.apache.coyote.http11.AbstractHttp11Processor.process(AbstractHttp11Processor.java:1041)
	at org.apache.coyote.AbstractProtocol$AbstractConnectionHandler.process(AbstractProtocol.java:603)
	at org.apache.tomcat.util.net.JIoEndpoint$SocketProcessor.run(JIoEndpoint.java:310)
	at java.util.concurrent.ThreadPoolExecutor.runWorker(ThreadPoolExecutor.java:1149)
	at java.util.concurrent.ThreadPoolExecutor$Worker.run(ThreadPoolExecutor.java:624)
	at java.lang.Thread.run(Thread.java:748)
Caused by: java.lang.RuntimeException: File not found : /Users/pohpengwang/experiments/iOS_remote/target/jfinal_demo_for_maven/ios/WDA is no running!
	at com.jfinal.template.source.FileSource.getContent(FileSource.java:70)
	at com.jfinal.template.Engine.buildTemplateBySourceFactory(Engine.java:153)
	at com.jfinal.template.Engine.getTemplate(Engine.java:138)
	at com.jfinal.render.TemplateRender.render(TemplateRender.java:60)
	... 20 more

2019-01-21 15:32:01
[ERROR]-[Thread: http-bio-8080-exec-9]-[com.jfinal.core.ActionHandler.handle()]: /ios/tapHold?x=0&y=0&duration=156.001
com.jfinal.render.RenderException: java.lang.RuntimeException: File not found : /Users/pohpengwang/experiments/iOS_remote/target/jfinal_demo_for_maven/ios/WDA is no running!
	at com.jfinal.render.TemplateRender.render(TemplateRender.java:63)
	at com.jfinal.core.ActionHandler.handle(ActionHandler.java:99)
	at com.demo.ios.WebSocketHandler.handle(WebSocketHandler.java:25)
	at com.demo.ios.WebSocketHandler.handle(WebSocketHandler.java:25)
	at com.jfinal.core.JFinalFilter.doFilter(JFinalFilter.java:73)
	at org.apache.catalina.core.ApplicationFilterChain.internalDoFilter(ApplicationFilterChain.java:243)
	at org.apache.catalina.core.ApplicationFilterChain.doFilter(ApplicationFilterChain.java:210)
	at org.apache.catalina.core.StandardWrapperValve.invoke(StandardWrapperValve.java:222)
	at org.apache.catalina.core.StandardContextValve.invoke(StandardContextValve.java:123)
	at org.apache.catalina.authenticator.AuthenticatorBase.invoke(AuthenticatorBase.java:502)
	at org.apache.catalina.core.StandardHostValve.invoke(StandardHostValve.java:171)
	at org.apache.catalina.valves.ErrorReportValve.invoke(ErrorReportValve.java:100)
	at org.apache.catalina.valves.AccessLogValve.invoke(AccessLogValve.java:953)
	at org.apache.catalina.core.StandardEngineValve.invoke(StandardEngineValve.java:118)
	at org.apache.catalina.connector.CoyoteAdapter.service(CoyoteAdapter.java:408)
	at org.apache.coyote.http11.AbstractHttp11Processor.process(AbstractHttp11Processor.java:1041)
	at org.apache.coyote.AbstractProtocol$AbstractConnectionHandler.process(AbstractProtocol.java:603)
	at org.apache.tomcat.util.net.JIoEndpoint$SocketProcessor.run(JIoEndpoint.java:310)
	at java.util.concurrent.ThreadPoolExecutor.runWorker(ThreadPoolExecutor.java:1149)
	at java.util.concurrent.ThreadPoolExecutor$Worker.run(ThreadPoolExecutor.java:624)
	at java.lang.Thread.run(Thread.java:748)
Caused by: java.lang.RuntimeException: File not found : /Users/pohpengwang/experiments/iOS_remote/target/jfinal_demo_for_maven/ios/WDA is no running!
	at com.jfinal.template.source.FileSource.getContent(FileSource.java:70)
	at com.jfinal.template.Engine.buildTemplateBySourceFactory(Engine.java:153)
	at com.jfinal.template.Engine.getTemplate(Engine.java:138)
	at com.jfinal.render.TemplateRender.render(TemplateRender.java:60)
	... 20 more

2019-01-21 15:51:23
[ERROR]-[Thread: http-bio-8080-exec-1]-[com.jfinal.core.ActionHandler.handle()]: /ios/tap/?x=0&y=0
com.jfinal.render.RenderException: java.lang.RuntimeException: File not found : /Users/pohpengwang/experiments/iOS_remote/target/jfinal_demo_for_maven/ios/WDA is no running!
	at com.jfinal.render.TemplateRender.render(TemplateRender.java:63)
	at com.jfinal.core.ActionHandler.handle(ActionHandler.java:99)
	at com.demo.ios.WebSocketHandler.handle(WebSocketHandler.java:25)
	at com.demo.ios.WebSocketHandler.handle(WebSocketHandler.java:25)
	at com.jfinal.core.JFinalFilter.doFilter(JFinalFilter.java:73)
	at org.apache.catalina.core.ApplicationFilterChain.internalDoFilter(ApplicationFilterChain.java:243)
	at org.apache.catalina.core.ApplicationFilterChain.doFilter(ApplicationFilterChain.java:210)
	at org.apache.catalina.core.StandardWrapperValve.invoke(StandardWrapperValve.java:222)
	at org.apache.catalina.core.StandardContextValve.invoke(StandardContextValve.java:123)
	at org.apache.catalina.authenticator.AuthenticatorBase.invoke(AuthenticatorBase.java:502)
	at org.apache.catalina.core.StandardHostValve.invoke(StandardHostValve.java:171)
	at org.apache.catalina.valves.ErrorReportValve.invoke(ErrorReportValve.java:100)
	at org.apache.catalina.valves.AccessLogValve.invoke(AccessLogValve.java:953)
	at org.apache.catalina.core.StandardEngineValve.invoke(StandardEngineValve.java:118)
	at org.apache.catalina.connector.CoyoteAdapter.service(CoyoteAdapter.java:408)
	at org.apache.coyote.http11.AbstractHttp11Processor.process(AbstractHttp11Processor.java:1041)
	at org.apache.coyote.AbstractProtocol$AbstractConnectionHandler.process(AbstractProtocol.java:603)
	at org.apache.tomcat.util.net.JIoEndpoint$SocketProcessor.run(JIoEndpoint.java:310)
	at java.util.concurrent.ThreadPoolExecutor.runWorker(ThreadPoolExecutor.java:1149)
	at java.util.concurrent.ThreadPoolExecutor$Worker.run(ThreadPoolExecutor.java:624)
	at java.lang.Thread.run(Thread.java:748)
Caused by: java.lang.RuntimeException: File not found : /Users/pohpengwang/experiments/iOS_remote/target/jfinal_demo_for_maven/ios/WDA is no running!
	at com.jfinal.template.source.FileSource.getContent(FileSource.java:70)
	at com.jfinal.template.Engine.buildTemplateBySourceFactory(Engine.java:153)
	at com.jfinal.template.Engine.getTemplate(Engine.java:138)
	at com.jfinal.render.TemplateRender.render(TemplateRender.java:60)
	... 20 more

2019-01-21 15:51:23
[ERROR]-[Thread: http-bio-8080-exec-2]-[com.jfinal.core.ActionHandler.handle()]: /ios/tap/?x=0&y=0
com.jfinal.render.RenderException: java.lang.RuntimeException: File not found : /Users/pohpengwang/experiments/iOS_remote/target/jfinal_demo_for_maven/ios/WDA is no running!
	at com.jfinal.render.TemplateRender.render(TemplateRender.java:63)
	at com.jfinal.core.ActionHandler.handle(ActionHandler.java:99)
	at com.demo.ios.WebSocketHandler.handle(WebSocketHandler.java:25)
	at com.demo.ios.WebSocketHandler.handle(WebSocketHandler.java:25)
	at com.jfinal.core.JFinalFilter.doFilter(JFinalFilter.java:73)
	at org.apache.catalina.core.ApplicationFilterChain.internalDoFilter(ApplicationFilterChain.java:243)
	at org.apache.catalina.core.ApplicationFilterChain.doFilter(ApplicationFilterChain.java:210)
	at org.apache.catalina.core.StandardWrapperValve.invoke(StandardWrapperValve.java:222)
	at org.apache.catalina.core.StandardContextValve.invoke(StandardContextValve.java:123)
	at org.apache.catalina.authenticator.AuthenticatorBase.invoke(AuthenticatorBase.java:502)
	at org.apache.catalina.core.StandardHostValve.invoke(StandardHostValve.java:171)
	at org.apache.catalina.valves.ErrorReportValve.invoke(ErrorReportValve.java:100)
	at org.apache.catalina.valves.AccessLogValve.invoke(AccessLogValve.java:953)
	at org.apache.catalina.core.StandardEngineValve.invoke(StandardEngineValve.java:118)
	at org.apache.catalina.connector.CoyoteAdapter.service(CoyoteAdapter.java:408)
	at org.apache.coyote.http11.AbstractHttp11Processor.process(AbstractHttp11Processor.java:1041)
	at org.apache.coyote.AbstractProtocol$AbstractConnectionHandler.process(AbstractProtocol.java:603)
	at org.apache.tomcat.util.net.JIoEndpoint$SocketProcessor.run(JIoEndpoint.java:312)
	at java.util.concurrent.ThreadPoolExecutor.runWorker(ThreadPoolExecutor.java:1149)
	at java.util.concurrent.ThreadPoolExecutor$Worker.run(ThreadPoolExecutor.java:624)
	at java.lang.Thread.run(Thread.java:748)
Caused by: java.lang.RuntimeException: File not found : /Users/pohpengwang/experiments/iOS_remote/target/jfinal_demo_for_maven/ios/WDA is no running!
	at com.jfinal.template.source.FileSource.getContent(FileSource.java:70)
	at com.jfinal.template.Engine.buildTemplateBySourceFactory(Engine.java:153)
	at com.jfinal.template.Engine.getTemplate(Engine.java:138)
	at com.jfinal.render.TemplateRender.render(TemplateRender.java:60)
	... 20 more

2019-01-21 15:51:24
[ERROR]-[Thread: http-bio-8080-exec-3]-[com.jfinal.core.ActionHandler.handle()]: /ios/tap/?x=0&y=0
com.jfinal.render.RenderException: java.lang.RuntimeException: File not found : /Users/pohpengwang/experiments/iOS_remote/target/jfinal_demo_for_maven/ios/WDA is no running!
	at com.jfinal.render.TemplateRender.render(TemplateRender.java:63)
	at com.jfinal.core.ActionHandler.handle(ActionHandler.java:99)
	at com.demo.ios.WebSocketHandler.handle(WebSocketHandler.java:25)
	at com.demo.ios.WebSocketHandler.handle(WebSocketHandler.java:25)
	at com.jfinal.core.JFinalFilter.doFilter(JFinalFilter.java:73)
	at org.apache.catalina.core.ApplicationFilterChain.internalDoFilter(ApplicationFilterChain.java:243)
	at org.apache.catalina.core.ApplicationFilterChain.doFilter(ApplicationFilterChain.java:210)
	at org.apache.catalina.core.StandardWrapperValve.invoke(StandardWrapperValve.java:222)
	at org.apache.catalina.core.StandardContextValve.invoke(StandardContextValve.java:123)
	at org.apache.catalina.authenticator.AuthenticatorBase.invoke(AuthenticatorBase.java:502)
	at org.apache.catalina.core.StandardHostValve.invoke(StandardHostValve.java:171)
	at org.apache.catalina.valves.ErrorReportValve.invoke(ErrorReportValve.java:100)
	at org.apache.catalina.valves.AccessLogValve.invoke(AccessLogValve.java:953)
	at org.apache.catalina.core.StandardEngineValve.invoke(StandardEngineValve.java:118)
	at org.apache.catalina.connector.CoyoteAdapter.service(CoyoteAdapter.java:408)
	at org.apache.coyote.http11.AbstractHttp11Processor.process(AbstractHttp11Processor.java:1041)
	at org.apache.coyote.AbstractProtocol$AbstractConnectionHandler.process(AbstractProtocol.java:603)
	at org.apache.tomcat.util.net.JIoEndpoint$SocketProcessor.run(JIoEndpoint.java:312)
	at java.util.concurrent.ThreadPoolExecutor.runWorker(ThreadPoolExecutor.java:1149)
	at java.util.concurrent.ThreadPoolExecutor$Worker.run(ThreadPoolExecutor.java:624)
	at java.lang.Thread.run(Thread.java:748)
Caused by: java.lang.RuntimeException: File not found : /Users/pohpengwang/experiments/iOS_remote/target/jfinal_demo_for_maven/ios/WDA is no running!
	at com.jfinal.template.source.FileSource.getContent(FileSource.java:70)
	at com.jfinal.template.Engine.buildTemplateBySourceFactory(Engine.java:153)
	at com.jfinal.template.Engine.getTemplate(Engine.java:138)
	at com.jfinal.render.TemplateRender.render(TemplateRender.java:60)
	... 20 more

2019-01-21 15:51:25
[ERROR]-[Thread: http-bio-8080-exec-4]-[com.jfinal.core.ActionHandler.handle()]: /ios/tap/?x=0&y=0
com.jfinal.render.RenderException: java.lang.RuntimeException: File not found : /Users/pohpengwang/experiments/iOS_remote/target/jfinal_demo_for_maven/ios/WDA is no running!
	at com.jfinal.render.TemplateRender.render(TemplateRender.java:63)
	at com.jfinal.core.ActionHandler.handle(ActionHandler.java:99)
	at com.demo.ios.WebSocketHandler.handle(WebSocketHandler.java:25)
	at com.demo.ios.WebSocketHandler.handle(WebSocketHandler.java:25)
	at com.jfinal.core.JFinalFilter.doFilter(JFinalFilter.java:73)
	at org.apache.catalina.core.ApplicationFilterChain.internalDoFilter(ApplicationFilterChain.java:243)
	at org.apache.catalina.core.ApplicationFilterChain.doFilter(ApplicationFilterChain.java:210)
	at org.apache.catalina.core.StandardWrapperValve.invoke(StandardWrapperValve.java:222)
	at org.apache.catalina.core.StandardContextValve.invoke(StandardContextValve.java:123)
	at org.apache.catalina.authenticator.AuthenticatorBase.invoke(AuthenticatorBase.java:502)
	at org.apache.catalina.core.StandardHostValve.invoke(StandardHostValve.java:171)
	at org.apache.catalina.valves.ErrorReportValve.invoke(ErrorReportValve.java:100)
	at org.apache.catalina.valves.AccessLogValve.invoke(AccessLogValve.java:953)
	at org.apache.catalina.core.StandardEngineValve.invoke(StandardEngineValve.java:118)
	at org.apache.catalina.connector.CoyoteAdapter.service(CoyoteAdapter.java:408)
	at org.apache.coyote.http11.AbstractHttp11Processor.process(AbstractHttp11Processor.java:1041)
	at org.apache.coyote.AbstractProtocol$AbstractConnectionHandler.process(AbstractProtocol.java:603)
	at org.apache.tomcat.util.net.JIoEndpoint$SocketProcessor.run(JIoEndpoint.java:312)
	at java.util.concurrent.ThreadPoolExecutor.runWorker(ThreadPoolExecutor.java:1149)
	at java.util.concurrent.ThreadPoolExecutor$Worker.run(ThreadPoolExecutor.java:624)
	at java.lang.Thread.run(Thread.java:748)
Caused by: java.lang.RuntimeException: File not found : /Users/pohpengwang/experiments/iOS_remote/target/jfinal_demo_for_maven/ios/WDA is no running!
	at com.jfinal.template.source.FileSource.getContent(FileSource.java:70)
	at com.jfinal.template.Engine.buildTemplateBySourceFactory(Engine.java:153)
	at com.jfinal.template.Engine.getTemplate(Engine.java:138)
	at com.jfinal.render.TemplateRender.render(TemplateRender.java:60)
	... 20 more

2019-01-21 15:51:58
[ERROR]-[Thread: http-bio-8080-exec-2]-[com.jfinal.core.ActionHandler.handle()]: /ios/tap/?x=0&y=0
com.jfinal.render.RenderException: java.lang.RuntimeException: File not found : /Users/pohpengwang/experiments/iOS_remote/target/jfinal_demo_for_maven/ios/WDA is no running!
	at com.jfinal.render.TemplateRender.render(TemplateRender.java:63)
	at com.jfinal.core.ActionHandler.handle(ActionHandler.java:99)
	at com.demo.ios.WebSocketHandler.handle(WebSocketHandler.java:25)
	at com.demo.ios.WebSocketHandler.handle(WebSocketHandler.java:25)
	at com.jfinal.core.JFinalFilter.doFilter(JFinalFilter.java:73)
	at org.apache.catalina.core.ApplicationFilterChain.internalDoFilter(ApplicationFilterChain.java:243)
	at org.apache.catalina.core.ApplicationFilterChain.doFilter(ApplicationFilterChain.java:210)
	at org.apache.catalina.core.StandardWrapperValve.invoke(StandardWrapperValve.java:222)
	at org.apache.catalina.core.StandardContextValve.invoke(StandardContextValve.java:123)
	at org.apache.catalina.authenticator.AuthenticatorBase.invoke(AuthenticatorBase.java:502)
	at org.apache.catalina.core.StandardHostValve.invoke(StandardHostValve.java:171)
	at org.apache.catalina.valves.ErrorReportValve.invoke(ErrorReportValve.java:100)
	at org.apache.catalina.valves.AccessLogValve.invoke(AccessLogValve.java:953)
	at org.apache.catalina.core.StandardEngineValve.invoke(StandardEngineValve.java:118)
	at org.apache.catalina.connector.CoyoteAdapter.service(CoyoteAdapter.java:408)
	at org.apache.coyote.http11.AbstractHttp11Processor.process(AbstractHttp11Processor.java:1041)
	at org.apache.coyote.AbstractProtocol$AbstractConnectionHandler.process(AbstractProtocol.java:603)
	at org.apache.tomcat.util.net.JIoEndpoint$SocketProcessor.run(JIoEndpoint.java:310)
	at java.util.concurrent.ThreadPoolExecutor.runWorker(ThreadPoolExecutor.java:1149)
	at java.util.concurrent.ThreadPoolExecutor$Worker.run(ThreadPoolExecutor.java:624)
	at java.lang.Thread.run(Thread.java:748)
Caused by: java.lang.RuntimeException: File not found : /Users/pohpengwang/experiments/iOS_remote/target/jfinal_demo_for_maven/ios/WDA is no running!
	at com.jfinal.template.source.FileSource.getContent(FileSource.java:70)
	at com.jfinal.template.Engine.buildTemplateBySourceFactory(Engine.java:153)
	at com.jfinal.template.Engine.getTemplate(Engine.java:138)
	at com.jfinal.render.TemplateRender.render(TemplateRender.java:60)
	... 20 more

2019-01-21 15:51:58
[ERROR]-[Thread: http-bio-8080-exec-2]-[com.jfinal.core.ActionHandler.handle()]: /ios/tap/?x=0&y=0
com.jfinal.render.RenderException: java.lang.RuntimeException: File not found : /Users/pohpengwang/experiments/iOS_remote/target/jfinal_demo_for_maven/ios/WDA is no running!
	at com.jfinal.render.TemplateRender.render(TemplateRender.java:63)
	at com.jfinal.core.ActionHandler.handle(ActionHandler.java:99)
	at com.demo.ios.WebSocketHandler.handle(WebSocketHandler.java:25)
	at com.demo.ios.WebSocketHandler.handle(WebSocketHandler.java:25)
	at com.jfinal.core.JFinalFilter.doFilter(JFinalFilter.java:73)
	at org.apache.catalina.core.ApplicationFilterChain.internalDoFilter(ApplicationFilterChain.java:243)
	at org.apache.catalina.core.ApplicationFilterChain.doFilter(ApplicationFilterChain.java:210)
	at org.apache.catalina.core.StandardWrapperValve.invoke(StandardWrapperValve.java:222)
	at org.apache.catalina.core.StandardContextValve.invoke(StandardContextValve.java:123)
	at org.apache.catalina.authenticator.AuthenticatorBase.invoke(AuthenticatorBase.java:502)
	at org.apache.catalina.core.StandardHostValve.invoke(StandardHostValve.java:171)
	at org.apache.catalina.valves.ErrorReportValve.invoke(ErrorReportValve.java:100)
	at org.apache.catalina.valves.AccessLogValve.invoke(AccessLogValve.java:953)
	at org.apache.catalina.core.StandardEngineValve.invoke(StandardEngineValve.java:118)
	at org.apache.catalina.connector.CoyoteAdapter.service(CoyoteAdapter.java:408)
	at org.apache.coyote.http11.AbstractHttp11Processor.process(AbstractHttp11Processor.java:1041)
	at org.apache.coyote.AbstractProtocol$AbstractConnectionHandler.process(AbstractProtocol.java:603)
	at org.apache.tomcat.util.net.JIoEndpoint$SocketProcessor.run(JIoEndpoint.java:312)
	at java.util.concurrent.ThreadPoolExecutor.runWorker(ThreadPoolExecutor.java:1149)
	at java.util.concurrent.ThreadPoolExecutor$Worker.run(ThreadPoolExecutor.java:624)
	at java.lang.Thread.run(Thread.java:748)
Caused by: java.lang.RuntimeException: File not found : /Users/pohpengwang/experiments/iOS_remote/target/jfinal_demo_for_maven/ios/WDA is no running!
	at com.jfinal.template.source.FileSource.getContent(FileSource.java:70)
	at com.jfinal.template.Engine.buildTemplateBySourceFactory(Engine.java:153)
	at com.jfinal.template.Engine.getTemplate(Engine.java:138)
	at com.jfinal.render.TemplateRender.render(TemplateRender.java:60)
	... 20 more

2019-01-21 15:51:59
[ERROR]-[Thread: http-bio-8080-exec-2]-[com.jfinal.core.ActionHandler.handle()]: /ios/tap/?x=0&y=0
com.jfinal.render.RenderException: java.lang.RuntimeException: File not found : /Users/pohpengwang/experiments/iOS_remote/target/jfinal_demo_for_maven/ios/WDA is no running!
	at com.jfinal.render.TemplateRender.render(TemplateRender.java:63)
	at com.jfinal.core.ActionHandler.handle(ActionHandler.java:99)
	at com.demo.ios.WebSocketHandler.handle(WebSocketHandler.java:25)
	at com.demo.ios.WebSocketHandler.handle(WebSocketHandler.java:25)
	at com.jfinal.core.JFinalFilter.doFilter(JFinalFilter.java:73)
	at org.apache.catalina.core.ApplicationFilterChain.internalDoFilter(ApplicationFilterChain.java:243)
	at org.apache.catalina.core.ApplicationFilterChain.doFilter(ApplicationFilterChain.java:210)
	at org.apache.catalina.core.StandardWrapperValve.invoke(StandardWrapperValve.java:222)
	at org.apache.catalina.core.StandardContextValve.invoke(StandardContextValve.java:123)
	at org.apache.catalina.authenticator.AuthenticatorBase.invoke(AuthenticatorBase.java:502)
	at org.apache.catalina.core.StandardHostValve.invoke(StandardHostValve.java:171)
	at org.apache.catalina.valves.ErrorReportValve.invoke(ErrorReportValve.java:100)
	at org.apache.catalina.valves.AccessLogValve.invoke(AccessLogValve.java:953)
	at org.apache.catalina.core.StandardEngineValve.invoke(StandardEngineValve.java:118)
	at org.apache.catalina.connector.CoyoteAdapter.service(CoyoteAdapter.java:408)
	at org.apache.coyote.http11.AbstractHttp11Processor.process(AbstractHttp11Processor.java:1041)
	at org.apache.coyote.AbstractProtocol$AbstractConnectionHandler.process(AbstractProtocol.java:603)
	at org.apache.tomcat.util.net.JIoEndpoint$SocketProcessor.run(JIoEndpoint.java:312)
	at java.util.concurrent.ThreadPoolExecutor.runWorker(ThreadPoolExecutor.java:1149)
	at java.util.concurrent.ThreadPoolExecutor$Worker.run(ThreadPoolExecutor.java:624)
	at java.lang.Thread.run(Thread.java:748)
Caused by: java.lang.RuntimeException: File not found : /Users/pohpengwang/experiments/iOS_remote/target/jfinal_demo_for_maven/ios/WDA is no running!
	at com.jfinal.template.source.FileSource.getContent(FileSource.java:70)
	at com.jfinal.template.Engine.buildTemplateBySourceFactory(Engine.java:153)
	at com.jfinal.template.Engine.getTemplate(Engine.java:138)
	at com.jfinal.render.TemplateRender.render(TemplateRender.java:60)
	... 20 more

2019-01-21 15:51:59
[ERROR]-[Thread: http-bio-8080-exec-2]-[com.jfinal.core.ActionHandler.handle()]: /ios/tap/?x=0&y=0
com.jfinal.render.RenderException: java.lang.RuntimeException: File not found : /Users/pohpengwang/experiments/iOS_remote/target/jfinal_demo_for_maven/ios/WDA is no running!
	at com.jfinal.render.TemplateRender.render(TemplateRender.java:63)
	at com.jfinal.core.ActionHandler.handle(ActionHandler.java:99)
	at com.demo.ios.WebSocketHandler.handle(WebSocketHandler.java:25)
	at com.demo.ios.WebSocketHandler.handle(WebSocketHandler.java:25)
	at com.jfinal.core.JFinalFilter.doFilter(JFinalFilter.java:73)
	at org.apache.catalina.core.ApplicationFilterChain.internalDoFilter(ApplicationFilterChain.java:243)
	at org.apache.catalina.core.ApplicationFilterChain.doFilter(ApplicationFilterChain.java:210)
	at org.apache.catalina.core.StandardWrapperValve.invoke(StandardWrapperValve.java:222)
	at org.apache.catalina.core.StandardContextValve.invoke(StandardContextValve.java:123)
	at org.apache.catalina.authenticator.AuthenticatorBase.invoke(AuthenticatorBase.java:502)
	at org.apache.catalina.core.StandardHostValve.invoke(StandardHostValve.java:171)
	at org.apache.catalina.valves.ErrorReportValve.invoke(ErrorReportValve.java:100)
	at org.apache.catalina.valves.AccessLogValve.invoke(AccessLogValve.java:953)
	at org.apache.catalina.core.StandardEngineValve.invoke(StandardEngineValve.java:118)
	at org.apache.catalina.connector.CoyoteAdapter.service(CoyoteAdapter.java:408)
	at org.apache.coyote.http11.AbstractHttp11Processor.process(AbstractHttp11Processor.java:1041)
	at org.apache.coyote.AbstractProtocol$AbstractConnectionHandler.process(AbstractProtocol.java:603)
	at org.apache.tomcat.util.net.JIoEndpoint$SocketProcessor.run(JIoEndpoint.java:312)
	at java.util.concurrent.ThreadPoolExecutor.runWorker(ThreadPoolExecutor.java:1149)
	at java.util.concurrent.ThreadPoolExecutor$Worker.run(ThreadPoolExecutor.java:624)
	at java.lang.Thread.run(Thread.java:748)
Caused by: java.lang.RuntimeException: File not found : /Users/pohpengwang/experiments/iOS_remote/target/jfinal_demo_for_maven/ios/WDA is no running!
	at com.jfinal.template.source.FileSource.getContent(FileSource.java:70)
	at com.jfinal.template.Engine.buildTemplateBySourceFactory(Engine.java:153)
	at com.jfinal.template.Engine.getTemplate(Engine.java:138)
	at com.jfinal.render.TemplateRender.render(TemplateRender.java:60)
	... 20 more

2019-01-21 15:53:44
[ERROR]-[Thread: http-bio-8080-exec-1]-[com.jfinal.core.ActionHandler.handle()]: /ios/tap/?x=0&y=0
com.jfinal.render.RenderException: java.lang.RuntimeException: File not found : /Users/pohpengwang/experiments/iOS_remote/target/jfinal_demo_for_maven/ios/WDA is no running!
	at com.jfinal.render.TemplateRender.render(TemplateRender.java:63)
	at com.jfinal.core.ActionHandler.handle(ActionHandler.java:99)
	at com.demo.ios.WebSocketHandler.handle(WebSocketHandler.java:25)
	at com.demo.ios.WebSocketHandler.handle(WebSocketHandler.java:25)
	at com.jfinal.core.JFinalFilter.doFilter(JFinalFilter.java:73)
	at org.apache.catalina.core.ApplicationFilterChain.internalDoFilter(ApplicationFilterChain.java:243)
	at org.apache.catalina.core.ApplicationFilterChain.doFilter(ApplicationFilterChain.java:210)
	at org.apache.catalina.core.StandardWrapperValve.invoke(StandardWrapperValve.java:222)
	at org.apache.catalina.core.StandardContextValve.invoke(StandardContextValve.java:123)
	at org.apache.catalina.authenticator.AuthenticatorBase.invoke(AuthenticatorBase.java:502)
	at org.apache.catalina.core.StandardHostValve.invoke(StandardHostValve.java:171)
	at org.apache.catalina.valves.ErrorReportValve.invoke(ErrorReportValve.java:100)
	at org.apache.catalina.valves.AccessLogValve.invoke(AccessLogValve.java:953)
	at org.apache.catalina.core.StandardEngineValve.invoke(StandardEngineValve.java:118)
	at org.apache.catalina.connector.CoyoteAdapter.service(CoyoteAdapter.java:408)
	at org.apache.coyote.http11.AbstractHttp11Processor.process(AbstractHttp11Processor.java:1041)
	at org.apache.coyote.AbstractProtocol$AbstractConnectionHandler.process(AbstractProtocol.java:603)
	at org.apache.tomcat.util.net.JIoEndpoint$SocketProcessor.run(JIoEndpoint.java:310)
	at java.util.concurrent.ThreadPoolExecutor.runWorker(ThreadPoolExecutor.java:1149)
	at java.util.concurrent.ThreadPoolExecutor$Worker.run(ThreadPoolExecutor.java:624)
	at java.lang.Thread.run(Thread.java:748)
Caused by: java.lang.RuntimeException: File not found : /Users/pohpengwang/experiments/iOS_remote/target/jfinal_demo_for_maven/ios/WDA is no running!
	at com.jfinal.template.source.FileSource.getContent(FileSource.java:70)
	at com.jfinal.template.Engine.buildTemplateBySourceFactory(Engine.java:153)
	at com.jfinal.template.Engine.getTemplate(Engine.java:138)
	at com.jfinal.render.TemplateRender.render(TemplateRender.java:60)
	... 20 more

2019-01-21 16:53:11
[ERROR]-[Thread: http-bio-8080-exec-3]-[com.jfinal.core.ActionHandler.handle()]: /ios/getDeviceInfo?
java.lang.RuntimeException: java.lang.reflect.InvocationTargetException
	at com.jfinal.aop.Invocation.invoke(Invocation.java:87)
	at com.jfinal.core.ActionHandler.handle(ActionHandler.java:82)
	at com.demo.ios.WebSocketHandler.handle(WebSocketHandler.java:25)
	at com.demo.ios.WebSocketHandler.handle(WebSocketHandler.java:25)
	at com.jfinal.core.JFinalFilter.doFilter(JFinalFilter.java:73)
	at org.apache.catalina.core.ApplicationFilterChain.internalDoFilter(ApplicationFilterChain.java:243)
	at org.apache.catalina.core.ApplicationFilterChain.doFilter(ApplicationFilterChain.java:210)
	at org.apache.catalina.core.StandardWrapperValve.invoke(StandardWrapperValve.java:222)
	at org.apache.catalina.core.StandardContextValve.invoke(StandardContextValve.java:123)
	at org.apache.catalina.authenticator.AuthenticatorBase.invoke(AuthenticatorBase.java:502)
	at org.apache.catalina.core.StandardHostValve.invoke(StandardHostValve.java:171)
	at org.apache.catalina.valves.ErrorReportValve.invoke(ErrorReportValve.java:100)
	at org.apache.catalina.valves.AccessLogValve.invoke(AccessLogValve.java:953)
	at org.apache.catalina.core.StandardEngineValve.invoke(StandardEngineValve.java:118)
	at org.apache.catalina.connector.CoyoteAdapter.service(CoyoteAdapter.java:408)
	at org.apache.coyote.http11.AbstractHttp11Processor.process(AbstractHttp11Processor.java:1041)
	at org.apache.coyote.AbstractProtocol$AbstractConnectionHandler.process(AbstractProtocol.java:603)
	at org.apache.tomcat.util.net.JIoEndpoint$SocketProcessor.run(JIoEndpoint.java:312)
	at java.util.concurrent.ThreadPoolExecutor.runWorker(ThreadPoolExecutor.java:1149)
	at java.util.concurrent.ThreadPoolExecutor$Worker.run(ThreadPoolExecutor.java:624)
	at java.lang.Thread.run(Thread.java:748)
Caused by: java.lang.reflect.InvocationTargetException
	at sun.reflect.NativeMethodAccessorImpl.invoke0(Native Method)
	at sun.reflect.NativeMethodAccessorImpl.invoke(NativeMethodAccessorImpl.java:62)
	at sun.reflect.DelegatingMethodAccessorImpl.invoke(DelegatingMethodAccessorImpl.java:43)
	at java.lang.reflect.Method.invoke(Method.java:498)
	at com.jfinal.aop.Invocation.invoke(Invocation.java:73)
	... 20 more
Caused by: java.io.IOException: Cannot run program "ideviceinstaller": error=2, No such file or directory
	at java.lang.ProcessBuilder.start(ProcessBuilder.java:1048)
	at com.demo.ios.ExecuteUtil.getInstalledApp(ExecuteUtil.java:116)
	at com.demo.ios.IosController.getDeviceInfo(IosController.java:58)
	... 25 more
Caused by: java.io.IOException: error=2, No such file or directory
	at java.lang.UNIXProcess.forkAndExec(Native Method)
	at java.lang.UNIXProcess.<init>(UNIXProcess.java:247)
	at java.lang.ProcessImpl.start(ProcessImpl.java:134)
	at java.lang.ProcessBuilder.start(ProcessBuilder.java:1029)
	... 27 more

2019-01-21 17:00:25
[ERROR]-[Thread: http-bio-8080-exec-7]-[com.jfinal.core.ActionHandler.handle()]: /ios/tap/?x=0&y=0
com.jfinal.render.RenderException: java.lang.RuntimeException: File not found : /Users/pohpengwang/experiments/iOS_remote/target/jfinal_demo_for_maven/ios/WDA is no running!
	at com.jfinal.render.TemplateRender.render(TemplateRender.java:63)
	at com.jfinal.core.ActionHandler.handle(ActionHandler.java:99)
	at com.demo.ios.WebSocketHandler.handle(WebSocketHandler.java:25)
	at com.demo.ios.WebSocketHandler.handle(WebSocketHandler.java:25)
	at com.jfinal.core.JFinalFilter.doFilter(JFinalFilter.java:73)
	at org.apache.catalina.core.ApplicationFilterChain.internalDoFilter(ApplicationFilterChain.java:243)
	at org.apache.catalina.core.ApplicationFilterChain.doFilter(ApplicationFilterChain.java:210)
	at org.apache.catalina.core.StandardWrapperValve.invoke(StandardWrapperValve.java:222)
	at org.apache.catalina.core.StandardContextValve.invoke(StandardContextValve.java:123)
	at org.apache.catalina.authenticator.AuthenticatorBase.invoke(AuthenticatorBase.java:502)
	at org.apache.catalina.core.StandardHostValve.invoke(StandardHostValve.java:171)
	at org.apache.catalina.valves.ErrorReportValve.invoke(ErrorReportValve.java:100)
	at org.apache.catalina.valves.AccessLogValve.invoke(AccessLogValve.java:953)
	at org.apache.catalina.core.StandardEngineValve.invoke(StandardEngineValve.java:118)
	at org.apache.catalina.connector.CoyoteAdapter.service(CoyoteAdapter.java:408)
	at org.apache.coyote.http11.AbstractHttp11Processor.process(AbstractHttp11Processor.java:1041)
	at org.apache.coyote.AbstractProtocol$AbstractConnectionHandler.process(AbstractProtocol.java:603)
	at org.apache.tomcat.util.net.JIoEndpoint$SocketProcessor.run(JIoEndpoint.java:310)
	at java.util.concurrent.ThreadPoolExecutor.runWorker(ThreadPoolExecutor.java:1149)
	at java.util.concurrent.ThreadPoolExecutor$Worker.run(ThreadPoolExecutor.java:624)
	at java.lang.Thread.run(Thread.java:748)
Caused by: java.lang.RuntimeException: File not found : /Users/pohpengwang/experiments/iOS_remote/target/jfinal_demo_for_maven/ios/WDA is no running!
	at com.jfinal.template.source.FileSource.getContent(FileSource.java:70)
	at com.jfinal.template.Engine.buildTemplateBySourceFactory(Engine.java:153)
	at com.jfinal.template.Engine.getTemplate(Engine.java:138)
	at com.jfinal.render.TemplateRender.render(TemplateRender.java:60)
	... 20 more

2019-01-21 17:00:27
[ERROR]-[Thread: http-bio-8080-exec-10]-[com.jfinal.core.ActionHandler.handle()]: /ios/getDeviceInfo?
java.lang.RuntimeException: java.lang.reflect.InvocationTargetException
	at com.jfinal.aop.Invocation.invoke(Invocation.java:87)
	at com.jfinal.core.ActionHandler.handle(ActionHandler.java:82)
	at com.demo.ios.WebSocketHandler.handle(WebSocketHandler.java:25)
	at com.demo.ios.WebSocketHandler.handle(WebSocketHandler.java:25)
	at com.jfinal.core.JFinalFilter.doFilter(JFinalFilter.java:73)
	at org.apache.catalina.core.ApplicationFilterChain.internalDoFilter(ApplicationFilterChain.java:243)
	at org.apache.catalina.core.ApplicationFilterChain.doFilter(ApplicationFilterChain.java:210)
	at org.apache.catalina.core.StandardWrapperValve.invoke(StandardWrapperValve.java:222)
	at org.apache.catalina.core.StandardContextValve.invoke(StandardContextValve.java:123)
	at org.apache.catalina.authenticator.AuthenticatorBase.invoke(AuthenticatorBase.java:502)
	at org.apache.catalina.core.StandardHostValve.invoke(StandardHostValve.java:171)
	at org.apache.catalina.valves.ErrorReportValve.invoke(ErrorReportValve.java:100)
	at org.apache.catalina.valves.AccessLogValve.invoke(AccessLogValve.java:953)
	at org.apache.catalina.core.StandardEngineValve.invoke(StandardEngineValve.java:118)
	at org.apache.catalina.connector.CoyoteAdapter.service(CoyoteAdapter.java:408)
	at org.apache.coyote.http11.AbstractHttp11Processor.process(AbstractHttp11Processor.java:1041)
	at org.apache.coyote.AbstractProtocol$AbstractConnectionHandler.process(AbstractProtocol.java:603)
	at org.apache.tomcat.util.net.JIoEndpoint$SocketProcessor.run(JIoEndpoint.java:312)
	at java.util.concurrent.ThreadPoolExecutor.runWorker(ThreadPoolExecutor.java:1149)
	at java.util.concurrent.ThreadPoolExecutor$Worker.run(ThreadPoolExecutor.java:624)
	at java.lang.Thread.run(Thread.java:748)
Caused by: java.lang.reflect.InvocationTargetException
	at sun.reflect.NativeMethodAccessorImpl.invoke0(Native Method)
	at sun.reflect.NativeMethodAccessorImpl.invoke(NativeMethodAccessorImpl.java:62)
	at sun.reflect.DelegatingMethodAccessorImpl.invoke(DelegatingMethodAccessorImpl.java:43)
	at java.lang.reflect.Method.invoke(Method.java:498)
	at com.jfinal.aop.Invocation.invoke(Invocation.java:73)
	... 20 more
Caused by: java.io.IOException: Cannot run program "ideviceinstaller": error=2, No such file or directory
	at java.lang.ProcessBuilder.start(ProcessBuilder.java:1048)
	at com.demo.ios.ExecuteUtil.getInstalledApp(ExecuteUtil.java:116)
	at com.demo.ios.IosController.getDeviceInfo(IosController.java:58)
	... 25 more
Caused by: java.io.IOException: error=2, No such file or directory
	at java.lang.UNIXProcess.forkAndExec(Native Method)
	at java.lang.UNIXProcess.<init>(UNIXProcess.java:247)
	at java.lang.ProcessImpl.start(ProcessImpl.java:134)
	at java.lang.ProcessBuilder.start(ProcessBuilder.java:1029)
	... 27 more

2019-01-21 17:27:29
[ERROR]-[Thread: http-bio-8080-exec-3]-[com.jfinal.core.ActionHandler.handle()]: /ios/getDeviceInfo?
java.lang.RuntimeException: java.lang.reflect.InvocationTargetException
	at com.jfinal.aop.Invocation.invoke(Invocation.java:87)
	at com.jfinal.core.ActionHandler.handle(ActionHandler.java:82)
	at com.demo.ios.WebSocketHandler.handle(WebSocketHandler.java:25)
	at com.demo.ios.WebSocketHandler.handle(WebSocketHandler.java:25)
	at com.jfinal.core.JFinalFilter.doFilter(JFinalFilter.java:73)
	at org.apache.catalina.core.ApplicationFilterChain.internalDoFilter(ApplicationFilterChain.java:243)
	at org.apache.catalina.core.ApplicationFilterChain.doFilter(ApplicationFilterChain.java:210)
	at org.apache.catalina.core.StandardWrapperValve.invoke(StandardWrapperValve.java:222)
	at org.apache.catalina.core.StandardContextValve.invoke(StandardContextValve.java:123)
	at org.apache.catalina.authenticator.AuthenticatorBase.invoke(AuthenticatorBase.java:502)
	at org.apache.catalina.core.StandardHostValve.invoke(StandardHostValve.java:171)
	at org.apache.catalina.valves.ErrorReportValve.invoke(ErrorReportValve.java:100)
	at org.apache.catalina.valves.AccessLogValve.invoke(AccessLogValve.java:953)
	at org.apache.catalina.core.StandardEngineValve.invoke(StandardEngineValve.java:118)
	at org.apache.catalina.connector.CoyoteAdapter.service(CoyoteAdapter.java:408)
	at org.apache.coyote.http11.AbstractHttp11Processor.process(AbstractHttp11Processor.java:1041)
	at org.apache.coyote.AbstractProtocol$AbstractConnectionHandler.process(AbstractProtocol.java:603)
	at org.apache.tomcat.util.net.JIoEndpoint$SocketProcessor.run(JIoEndpoint.java:312)
	at java.util.concurrent.ThreadPoolExecutor.runWorker(ThreadPoolExecutor.java:1149)
	at java.util.concurrent.ThreadPoolExecutor$Worker.run(ThreadPoolExecutor.java:624)
	at java.lang.Thread.run(Thread.java:748)
Caused by: java.lang.reflect.InvocationTargetException
	at sun.reflect.NativeMethodAccessorImpl.invoke0(Native Method)
	at sun.reflect.NativeMethodAccessorImpl.invoke(NativeMethodAccessorImpl.java:62)
	at sun.reflect.DelegatingMethodAccessorImpl.invoke(DelegatingMethodAccessorImpl.java:43)
	at java.lang.reflect.Method.invoke(Method.java:498)
	at com.jfinal.aop.Invocation.invoke(Invocation.java:73)
	... 20 more
Caused by: java.io.IOException: Cannot run program "ideviceinstaller": error=2, No such file or directory
	at java.lang.ProcessBuilder.start(ProcessBuilder.java:1048)
	at com.demo.ios.ExecuteUtil.getInstalledApp(ExecuteUtil.java:116)
	at com.demo.ios.IosController.getDeviceInfo(IosController.java:58)
	... 25 more
Caused by: java.io.IOException: error=2, No such file or directory
	at java.lang.UNIXProcess.forkAndExec(Native Method)
	at java.lang.UNIXProcess.<init>(UNIXProcess.java:247)
	at java.lang.ProcessImpl.start(ProcessImpl.java:134)
	at java.lang.ProcessBuilder.start(ProcessBuilder.java:1029)
	... 27 more

2019-01-21 17:43:15
[ERROR]-[Thread: http-bio-8080-exec-10]-[com.jfinal.core.ActionHandler.handle()]: /ios/getDeviceInfo?
java.lang.RuntimeException: java.lang.reflect.InvocationTargetException
	at com.jfinal.aop.Invocation.invoke(Invocation.java:87)
	at com.jfinal.core.ActionHandler.handle(ActionHandler.java:82)
	at com.demo.ios.WebSocketHandler.handle(WebSocketHandler.java:25)
	at com.demo.ios.WebSocketHandler.handle(WebSocketHandler.java:25)
	at com.jfinal.core.JFinalFilter.doFilter(JFinalFilter.java:73)
	at org.apache.catalina.core.ApplicationFilterChain.internalDoFilter(ApplicationFilterChain.java:243)
	at org.apache.catalina.core.ApplicationFilterChain.doFilter(ApplicationFilterChain.java:210)
	at org.apache.catalina.core.StandardWrapperValve.invoke(StandardWrapperValve.java:222)
	at org.apache.catalina.core.StandardContextValve.invoke(StandardContextValve.java:123)
	at org.apache.catalina.authenticator.AuthenticatorBase.invoke(AuthenticatorBase.java:502)
	at org.apache.catalina.core.StandardHostValve.invoke(StandardHostValve.java:171)
	at org.apache.catalina.valves.ErrorReportValve.invoke(ErrorReportValve.java:100)
	at org.apache.catalina.valves.AccessLogValve.invoke(AccessLogValve.java:953)
	at org.apache.catalina.core.StandardEngineValve.invoke(StandardEngineValve.java:118)
	at org.apache.catalina.connector.CoyoteAdapter.service(CoyoteAdapter.java:408)
	at org.apache.coyote.http11.AbstractHttp11Processor.process(AbstractHttp11Processor.java:1041)
	at org.apache.coyote.AbstractProtocol$AbstractConnectionHandler.process(AbstractProtocol.java:603)
	at org.apache.tomcat.util.net.JIoEndpoint$SocketProcessor.run(JIoEndpoint.java:312)
	at java.util.concurrent.ThreadPoolExecutor.runWorker(ThreadPoolExecutor.java:1149)
	at java.util.concurrent.ThreadPoolExecutor$Worker.run(ThreadPoolExecutor.java:624)
	at java.lang.Thread.run(Thread.java:748)
Caused by: java.lang.reflect.InvocationTargetException
	at sun.reflect.NativeMethodAccessorImpl.invoke0(Native Method)
	at sun.reflect.NativeMethodAccessorImpl.invoke(NativeMethodAccessorImpl.java:62)
	at sun.reflect.DelegatingMethodAccessorImpl.invoke(DelegatingMethodAccessorImpl.java:43)
	at java.lang.reflect.Method.invoke(Method.java:498)
	at com.jfinal.aop.Invocation.invoke(Invocation.java:73)
	... 20 more
Caused by: java.io.IOException: Cannot run program "ideviceinstaller": error=2, No such file or directory
	at java.lang.ProcessBuilder.start(ProcessBuilder.java:1048)
	at com.demo.ios.ExecuteUtil.getInstalledApp(ExecuteUtil.java:116)
	at com.demo.ios.IosController.getDeviceInfo(IosController.java:58)
	... 25 more
Caused by: java.io.IOException: error=2, No such file or directory
	at java.lang.UNIXProcess.forkAndExec(Native Method)
	at java.lang.UNIXProcess.<init>(UNIXProcess.java:247)
	at java.lang.ProcessImpl.start(ProcessImpl.java:134)
	at java.lang.ProcessBuilder.start(ProcessBuilder.java:1029)
	... 27 more

2019-01-21 17:44:55
[ERROR]-[Thread: http-bio-8080-exec-7]-[com.jfinal.core.ActionHandler.handle()]: /ios/getDeviceInfo?
java.lang.RuntimeException: java.lang.reflect.InvocationTargetException
	at com.jfinal.aop.Invocation.invoke(Invocation.java:87)
	at com.jfinal.core.ActionHandler.handle(ActionHandler.java:82)
	at com.demo.ios.WebSocketHandler.handle(WebSocketHandler.java:25)
	at com.demo.ios.WebSocketHandler.handle(WebSocketHandler.java:25)
	at com.jfinal.core.JFinalFilter.doFilter(JFinalFilter.java:73)
	at org.apache.catalina.core.ApplicationFilterChain.internalDoFilter(ApplicationFilterChain.java:243)
	at org.apache.catalina.core.ApplicationFilterChain.doFilter(ApplicationFilterChain.java:210)
	at org.apache.catalina.core.StandardWrapperValve.invoke(StandardWrapperValve.java:222)
	at org.apache.catalina.core.StandardContextValve.invoke(StandardContextValve.java:123)
	at org.apache.catalina.authenticator.AuthenticatorBase.invoke(AuthenticatorBase.java:502)
	at org.apache.catalina.core.StandardHostValve.invoke(StandardHostValve.java:171)
	at org.apache.catalina.valves.ErrorReportValve.invoke(ErrorReportValve.java:100)
	at org.apache.catalina.valves.AccessLogValve.invoke(AccessLogValve.java:953)
	at org.apache.catalina.core.StandardEngineValve.invoke(StandardEngineValve.java:118)
	at org.apache.catalina.connector.CoyoteAdapter.service(CoyoteAdapter.java:408)
	at org.apache.coyote.http11.AbstractHttp11Processor.process(AbstractHttp11Processor.java:1041)
	at org.apache.coyote.AbstractProtocol$AbstractConnectionHandler.process(AbstractProtocol.java:603)
	at org.apache.tomcat.util.net.JIoEndpoint$SocketProcessor.run(JIoEndpoint.java:312)
	at java.util.concurrent.ThreadPoolExecutor.runWorker(ThreadPoolExecutor.java:1149)
	at java.util.concurrent.ThreadPoolExecutor$Worker.run(ThreadPoolExecutor.java:624)
	at java.lang.Thread.run(Thread.java:748)
Caused by: java.lang.reflect.InvocationTargetException
	at sun.reflect.NativeMethodAccessorImpl.invoke0(Native Method)
	at sun.reflect.NativeMethodAccessorImpl.invoke(NativeMethodAccessorImpl.java:62)
	at sun.reflect.DelegatingMethodAccessorImpl.invoke(DelegatingMethodAccessorImpl.java:43)
	at java.lang.reflect.Method.invoke(Method.java:498)
	at com.jfinal.aop.Invocation.invoke(Invocation.java:73)
	... 20 more
Caused by: java.io.IOException: Cannot run program "ideviceinstaller": error=2, No such file or directory
	at java.lang.ProcessBuilder.start(ProcessBuilder.java:1048)
	at com.demo.ios.ExecuteUtil.getInstalledApp(ExecuteUtil.java:116)
	at com.demo.ios.IosController.getDeviceInfo(IosController.java:58)
	... 25 more
Caused by: java.io.IOException: error=2, No such file or directory
	at java.lang.UNIXProcess.forkAndExec(Native Method)
	at java.lang.UNIXProcess.<init>(UNIXProcess.java:247)
	at java.lang.ProcessImpl.start(ProcessImpl.java:134)
	at java.lang.ProcessBuilder.start(ProcessBuilder.java:1029)
	... 27 more

2019-01-21 17:50:14
[ERROR]-[Thread: http-bio-8080-exec-3]-[com.jfinal.core.ActionHandler.handle()]: /ios/getDeviceInfo?
java.lang.RuntimeException: java.lang.reflect.InvocationTargetException
	at com.jfinal.aop.Invocation.invoke(Invocation.java:87)
	at com.jfinal.core.ActionHandler.handle(ActionHandler.java:82)
	at com.demo.ios.WebSocketHandler.handle(WebSocketHandler.java:25)
	at com.demo.ios.WebSocketHandler.handle(WebSocketHandler.java:25)
	at com.jfinal.core.JFinalFilter.doFilter(JFinalFilter.java:73)
	at org.apache.catalina.core.ApplicationFilterChain.internalDoFilter(ApplicationFilterChain.java:243)
	at org.apache.catalina.core.ApplicationFilterChain.doFilter(ApplicationFilterChain.java:210)
	at org.apache.catalina.core.StandardWrapperValve.invoke(StandardWrapperValve.java:222)
	at org.apache.catalina.core.StandardContextValve.invoke(StandardContextValve.java:123)
	at org.apache.catalina.authenticator.AuthenticatorBase.invoke(AuthenticatorBase.java:502)
	at org.apache.catalina.core.StandardHostValve.invoke(StandardHostValve.java:171)
	at org.apache.catalina.valves.ErrorReportValve.invoke(ErrorReportValve.java:100)
	at org.apache.catalina.valves.AccessLogValve.invoke(AccessLogValve.java:953)
	at org.apache.catalina.core.StandardEngineValve.invoke(StandardEngineValve.java:118)
	at org.apache.catalina.connector.CoyoteAdapter.service(CoyoteAdapter.java:408)
	at org.apache.coyote.http11.AbstractHttp11Processor.process(AbstractHttp11Processor.java:1041)
	at org.apache.coyote.AbstractProtocol$AbstractConnectionHandler.process(AbstractProtocol.java:603)
	at org.apache.tomcat.util.net.JIoEndpoint$SocketProcessor.run(JIoEndpoint.java:312)
	at java.util.concurrent.ThreadPoolExecutor.runWorker(ThreadPoolExecutor.java:1149)
	at java.util.concurrent.ThreadPoolExecutor$Worker.run(ThreadPoolExecutor.java:624)
	at java.lang.Thread.run(Thread.java:748)
Caused by: java.lang.reflect.InvocationTargetException
	at sun.reflect.NativeMethodAccessorImpl.invoke0(Native Method)
	at sun.reflect.NativeMethodAccessorImpl.invoke(NativeMethodAccessorImpl.java:62)
	at sun.reflect.DelegatingMethodAccessorImpl.invoke(DelegatingMethodAccessorImpl.java:43)
	at java.lang.reflect.Method.invoke(Method.java:498)
	at com.jfinal.aop.Invocation.invoke(Invocation.java:73)
	... 20 more
Caused by: java.io.IOException: Cannot run program "ideviceinstaller": error=2, No such file or directory
	at java.lang.ProcessBuilder.start(ProcessBuilder.java:1048)
	at com.demo.ios.ExecuteUtil.getInstalledApp(ExecuteUtil.java:116)
	at com.demo.ios.IosController.getDeviceInfo(IosController.java:58)
	... 25 more
Caused by: java.io.IOException: error=2, No such file or directory
	at java.lang.UNIXProcess.forkAndExec(Native Method)
	at java.lang.UNIXProcess.<init>(UNIXProcess.java:247)
	at java.lang.ProcessImpl.start(ProcessImpl.java:134)
	at java.lang.ProcessBuilder.start(ProcessBuilder.java:1029)
	... 27 more

2019-01-21 17:51:31
[ERROR]-[Thread: http-bio-8080-exec-3]-[com.jfinal.core.ActionHandler.handle()]: /ios/getDeviceInfo?
java.lang.RuntimeException: java.lang.reflect.InvocationTargetException
	at com.jfinal.aop.Invocation.invoke(Invocation.java:87)
	at com.jfinal.core.ActionHandler.handle(ActionHandler.java:82)
	at com.demo.ios.WebSocketHandler.handle(WebSocketHandler.java:25)
	at com.demo.ios.WebSocketHandler.handle(WebSocketHandler.java:25)
	at com.jfinal.core.JFinalFilter.doFilter(JFinalFilter.java:73)
	at org.apache.catalina.core.ApplicationFilterChain.internalDoFilter(ApplicationFilterChain.java:243)
	at org.apache.catalina.core.ApplicationFilterChain.doFilter(ApplicationFilterChain.java:210)
	at org.apache.catalina.core.StandardWrapperValve.invoke(StandardWrapperValve.java:222)
	at org.apache.catalina.core.StandardContextValve.invoke(StandardContextValve.java:123)
	at org.apache.catalina.authenticator.AuthenticatorBase.invoke(AuthenticatorBase.java:502)
	at org.apache.catalina.core.StandardHostValve.invoke(StandardHostValve.java:171)
	at org.apache.catalina.valves.ErrorReportValve.invoke(ErrorReportValve.java:100)
	at org.apache.catalina.valves.AccessLogValve.invoke(AccessLogValve.java:953)
	at org.apache.catalina.core.StandardEngineValve.invoke(StandardEngineValve.java:118)
	at org.apache.catalina.connector.CoyoteAdapter.service(CoyoteAdapter.java:408)
	at org.apache.coyote.http11.AbstractHttp11Processor.process(AbstractHttp11Processor.java:1041)
	at org.apache.coyote.AbstractProtocol$AbstractConnectionHandler.process(AbstractProtocol.java:603)
	at org.apache.tomcat.util.net.JIoEndpoint$SocketProcessor.run(JIoEndpoint.java:312)
	at java.util.concurrent.ThreadPoolExecutor.runWorker(ThreadPoolExecutor.java:1149)
	at java.util.concurrent.ThreadPoolExecutor$Worker.run(ThreadPoolExecutor.java:624)
	at java.lang.Thread.run(Thread.java:748)
Caused by: java.lang.reflect.InvocationTargetException
	at sun.reflect.NativeMethodAccessorImpl.invoke0(Native Method)
	at sun.reflect.NativeMethodAccessorImpl.invoke(NativeMethodAccessorImpl.java:62)
	at sun.reflect.DelegatingMethodAccessorImpl.invoke(DelegatingMethodAccessorImpl.java:43)
	at java.lang.reflect.Method.invoke(Method.java:498)
	at com.jfinal.aop.Invocation.invoke(Invocation.java:73)
	... 20 more
Caused by: java.io.IOException: Cannot run program "ideviceinstaller": error=2, No such file or directory
	at java.lang.ProcessBuilder.start(ProcessBuilder.java:1048)
	at com.demo.ios.ExecuteUtil.getInstalledApp(ExecuteUtil.java:116)
	at com.demo.ios.IosController.getDeviceInfo(IosController.java:58)
	... 25 more
Caused by: java.io.IOException: error=2, No such file or directory
	at java.lang.UNIXProcess.forkAndExec(Native Method)
	at java.lang.UNIXProcess.<init>(UNIXProcess.java:247)
	at java.lang.ProcessImpl.start(ProcessImpl.java:134)
	at java.lang.ProcessBuilder.start(ProcessBuilder.java:1029)
	... 27 more

2019-01-21 18:16:37
[ERROR]-[Thread: http-bio-8080-exec-3]-[com.jfinal.core.ActionHandler.handle()]: /ios/getDeviceInfo?
java.lang.RuntimeException: java.lang.reflect.InvocationTargetException
	at com.jfinal.aop.Invocation.invoke(Invocation.java:87)
	at com.jfinal.core.ActionHandler.handle(ActionHandler.java:82)
	at com.demo.ios.WebSocketHandler.handle(WebSocketHandler.java:25)
	at com.demo.ios.WebSocketHandler.handle(WebSocketHandler.java:25)
	at com.jfinal.core.JFinalFilter.doFilter(JFinalFilter.java:73)
	at org.apache.catalina.core.ApplicationFilterChain.internalDoFilter(ApplicationFilterChain.java:243)
	at org.apache.catalina.core.ApplicationFilterChain.doFilter(ApplicationFilterChain.java:210)
	at org.apache.catalina.core.StandardWrapperValve.invoke(StandardWrapperValve.java:222)
	at org.apache.catalina.core.StandardContextValve.invoke(StandardContextValve.java:123)
	at org.apache.catalina.authenticator.AuthenticatorBase.invoke(AuthenticatorBase.java:502)
	at org.apache.catalina.core.StandardHostValve.invoke(StandardHostValve.java:171)
	at org.apache.catalina.valves.ErrorReportValve.invoke(ErrorReportValve.java:100)
	at org.apache.catalina.valves.AccessLogValve.invoke(AccessLogValve.java:953)
	at org.apache.catalina.core.StandardEngineValve.invoke(StandardEngineValve.java:118)
	at org.apache.catalina.connector.CoyoteAdapter.service(CoyoteAdapter.java:408)
	at org.apache.coyote.http11.AbstractHttp11Processor.process(AbstractHttp11Processor.java:1041)
	at org.apache.coyote.AbstractProtocol$AbstractConnectionHandler.process(AbstractProtocol.java:603)
	at org.apache.tomcat.util.net.JIoEndpoint$SocketProcessor.run(JIoEndpoint.java:312)
	at java.util.concurrent.ThreadPoolExecutor.runWorker(ThreadPoolExecutor.java:1149)
	at java.util.concurrent.ThreadPoolExecutor$Worker.run(ThreadPoolExecutor.java:624)
	at java.lang.Thread.run(Thread.java:748)
Caused by: java.lang.reflect.InvocationTargetException
	at sun.reflect.NativeMethodAccessorImpl.invoke0(Native Method)
	at sun.reflect.NativeMethodAccessorImpl.invoke(NativeMethodAccessorImpl.java:62)
	at sun.reflect.DelegatingMethodAccessorImpl.invoke(DelegatingMethodAccessorImpl.java:43)
	at java.lang.reflect.Method.invoke(Method.java:498)
	at com.jfinal.aop.Invocation.invoke(Invocation.java:73)
	... 20 more
Caused by: java.io.IOException: Cannot run program "ideviceinstaller": error=2, No such file or directory
	at java.lang.ProcessBuilder.start(ProcessBuilder.java:1048)
	at com.demo.ios.ExecuteUtil.getInstalledApp(ExecuteUtil.java:116)
	at com.demo.ios.IosController.getDeviceInfo(IosController.java:58)
	... 25 more
Caused by: java.io.IOException: error=2, No such file or directory
	at java.lang.UNIXProcess.forkAndExec(Native Method)
	at java.lang.UNIXProcess.<init>(UNIXProcess.java:247)
	at java.lang.ProcessImpl.start(ProcessImpl.java:134)
	at java.lang.ProcessBuilder.start(ProcessBuilder.java:1029)
	... 27 more

2019-01-21 18:32:17
[ERROR]-[Thread: http-bio-8080-exec-10]-[com.jfinal.core.ActionHandler.handle()]: /ios/getDeviceInfo?
java.lang.RuntimeException: java.lang.reflect.InvocationTargetException
	at com.jfinal.aop.Invocation.invoke(Invocation.java:87)
	at com.jfinal.core.ActionHandler.handle(ActionHandler.java:82)
	at com.demo.ios.WebSocketHandler.handle(WebSocketHandler.java:25)
	at com.demo.ios.WebSocketHandler.handle(WebSocketHandler.java:25)
	at com.jfinal.core.JFinalFilter.doFilter(JFinalFilter.java:73)
	at org.apache.catalina.core.ApplicationFilterChain.internalDoFilter(ApplicationFilterChain.java:243)
	at org.apache.catalina.core.ApplicationFilterChain.doFilter(ApplicationFilterChain.java:210)
	at org.apache.catalina.core.StandardWrapperValve.invoke(StandardWrapperValve.java:222)
	at org.apache.catalina.core.StandardContextValve.invoke(StandardContextValve.java:123)
	at org.apache.catalina.authenticator.AuthenticatorBase.invoke(AuthenticatorBase.java:502)
	at org.apache.catalina.core.StandardHostValve.invoke(StandardHostValve.java:171)
	at org.apache.catalina.valves.ErrorReportValve.invoke(ErrorReportValve.java:100)
	at org.apache.catalina.valves.AccessLogValve.invoke(AccessLogValve.java:953)
	at org.apache.catalina.core.StandardEngineValve.invoke(StandardEngineValve.java:118)
	at org.apache.catalina.connector.CoyoteAdapter.service(CoyoteAdapter.java:408)
	at org.apache.coyote.http11.AbstractHttp11Processor.process(AbstractHttp11Processor.java:1041)
	at org.apache.coyote.AbstractProtocol$AbstractConnectionHandler.process(AbstractProtocol.java:603)
	at org.apache.tomcat.util.net.JIoEndpoint$SocketProcessor.run(JIoEndpoint.java:312)
	at java.util.concurrent.ThreadPoolExecutor.runWorker(ThreadPoolExecutor.java:1149)
	at java.util.concurrent.ThreadPoolExecutor$Worker.run(ThreadPoolExecutor.java:624)
	at java.lang.Thread.run(Thread.java:748)
Caused by: java.lang.reflect.InvocationTargetException
	at sun.reflect.NativeMethodAccessorImpl.invoke0(Native Method)
	at sun.reflect.NativeMethodAccessorImpl.invoke(NativeMethodAccessorImpl.java:62)
	at sun.reflect.DelegatingMethodAccessorImpl.invoke(DelegatingMethodAccessorImpl.java:43)
	at java.lang.reflect.Method.invoke(Method.java:498)
	at com.jfinal.aop.Invocation.invoke(Invocation.java:73)
	... 20 more
Caused by: java.io.IOException: Cannot run program "ideviceinstaller": error=2, No such file or directory
	at java.lang.ProcessBuilder.start(ProcessBuilder.java:1048)
	at com.demo.ios.ExecuteUtil.getInstalledApp(ExecuteUtil.java:116)
	at com.demo.ios.IosController.getDeviceInfo(IosController.java:58)
	... 25 more
Caused by: java.io.IOException: error=2, No such file or directory
	at java.lang.UNIXProcess.forkAndExec(Native Method)
	at java.lang.UNIXProcess.<init>(UNIXProcess.java:247)
	at java.lang.ProcessImpl.start(ProcessImpl.java:134)
	at java.lang.ProcessBuilder.start(ProcessBuilder.java:1029)
	... 27 more
